TN:
SF:src/GraphNetwork.js
FN:30,(anonymous_0)
FN:82,(anonymous_1)
FN:94,(anonymous_2)
FN:109,(anonymous_3)
FN:110,(anonymous_4)
FN:111,(anonymous_5)
FN:112,(anonymous_6)
FN:113,(anonymous_7)
FN:114,(anonymous_8)
FN:122,(anonymous_9)
FN:123,(anonymous_10)
FN:124,(anonymous_11)
FN:125,(anonymous_12)
FN:133,(anonymous_13)
FN:134,(anonymous_14)
FN:135,(anonymous_15)
FN:136,(anonymous_16)
FN:137,(anonymous_17)
FN:138,(anonymous_18)
FN:155,(anonymous_19)
FN:193,(anonymous_20)
FN:207,(anonymous_21)
FN:222,(anonymous_22)
FN:243,(anonymous_23)
FN:263,(anonymous_24)
FN:272,(anonymous_25)
FN:283,(anonymous_26)
FN:303,(anonymous_27)
FN:309,(anonymous_28)
FN:330,(anonymous_29)
FN:356,(anonymous_30)
FN:370,(anonymous_31)
FN:381,(anonymous_32)
FN:386,(anonymous_33)
FN:394,(anonymous_34)
FN:408,(anonymous_35)
FN:430,(anonymous_36)
FN:452,(anonymous_37)
FN:460,(anonymous_38)
FN:470,(anonymous_39)
FN:479,(anonymous_40)
FN:488,(anonymous_41)
FN:498,(anonymous_42)
FN:518,(anonymous_43)
FN:527,(anonymous_44)
FN:538,(anonymous_45)
FN:539,(anonymous_46)
FN:545,(anonymous_47)
FN:546,(anonymous_48)
FN:558,(anonymous_49)
FN:566,(anonymous_50)
FN:573,(anonymous_51)
FN:580,(anonymous_52)
FN:587,(anonymous_53)
FNF:54
FNH:0
FNDA:0,(anonymous_0)
FNDA:0,(anonymous_1)
FNDA:0,(anonymous_2)
FNDA:0,(anonymous_3)
FNDA:0,(anonymous_4)
FNDA:0,(anonymous_5)
FNDA:0,(anonymous_6)
FNDA:0,(anonymous_7)
FNDA:0,(anonymous_8)
FNDA:0,(anonymous_9)
FNDA:0,(anonymous_10)
FNDA:0,(anonymous_11)
FNDA:0,(anonymous_12)
FNDA:0,(anonymous_13)
FNDA:0,(anonymous_14)
FNDA:0,(anonymous_15)
FNDA:0,(anonymous_16)
FNDA:0,(anonymous_17)
FNDA:0,(anonymous_18)
FNDA:0,(anonymous_19)
FNDA:0,(anonymous_20)
FNDA:0,(anonymous_21)
FNDA:0,(anonymous_22)
FNDA:0,(anonymous_23)
FNDA:0,(anonymous_24)
FNDA:0,(anonymous_25)
FNDA:0,(anonymous_26)
FNDA:0,(anonymous_27)
FNDA:0,(anonymous_28)
FNDA:0,(anonymous_29)
FNDA:0,(anonymous_30)
FNDA:0,(anonymous_31)
FNDA:0,(anonymous_32)
FNDA:0,(anonymous_33)
FNDA:0,(anonymous_34)
FNDA:0,(anonymous_35)
FNDA:0,(anonymous_36)
FNDA:0,(anonymous_37)
FNDA:0,(anonymous_38)
FNDA:0,(anonymous_39)
FNDA:0,(anonymous_40)
FNDA:0,(anonymous_41)
FNDA:0,(anonymous_42)
FNDA:0,(anonymous_43)
FNDA:0,(anonymous_44)
FNDA:0,(anonymous_45)
FNDA:0,(anonymous_46)
FNDA:0,(anonymous_47)
FNDA:0,(anonymous_48)
FNDA:0,(anonymous_49)
FNDA:0,(anonymous_50)
FNDA:0,(anonymous_51)
FNDA:0,(anonymous_52)
FNDA:0,(anonymous_53)
DA:31,0
DA:32,0
DA:34,0
DA:35,0
DA:39,0
DA:56,0
DA:57,0
DA:58,0
DA:59,0
DA:62,0
DA:63,0
DA:66,0
DA:69,0
DA:72,0
DA:73,0
DA:76,0
DA:84,0
DA:87,0
DA:88,0
DA:96,0
DA:104,0
DA:105,0
DA:108,0
DA:109,0
DA:110,0
DA:111,0
DA:112,0
DA:113,0
DA:114,0
DA:117,0
DA:118,0
DA:121,0
DA:122,0
DA:123,0
DA:124,0
DA:127,0
DA:128,0
DA:130,0
DA:133,0
DA:134,0
DA:135,0
DA:136,0
DA:137,0
DA:138,0
DA:141,0
DA:142,0
DA:146,0
DA:149,0
DA:156,0
DA:157,0
DA:158,0
DA:161,0
DA:162,0
DA:165,0
DA:168,0
DA:171,0
DA:172,0
DA:173,0
DA:182,0
DA:183,0
DA:186,0
DA:187,0
DA:194,0
DA:197,0
DA:198,0
DA:201,0
DA:202,0
DA:203,0
DA:205,0
DA:207,0
DA:208,0
DA:209,0
DA:212,0
DA:213,0
DA:214,0
DA:218,0
DA:219,0
DA:222,0
DA:223,0
DA:224,0
DA:226,0
DA:227,0
DA:230,0
DA:244,0
DA:247,0
DA:249,0
DA:250,0
DA:254,0
DA:255,0
DA:264,0
DA:265,0
DA:266,0
DA:273,0
DA:274,0
DA:275,0
DA:276,0
DA:284,0
DA:287,0
DA:288,0
DA:289,0
DA:293,0
DA:294,0
DA:295,0
DA:296,0
DA:300,0
DA:303,0
DA:310,0
DA:311,0
DA:313,0
DA:314,0
DA:317,0
DA:318,0
DA:320,0
DA:321,0
DA:323,0
DA:324,0
DA:327,0
DA:330,0
DA:331,0
DA:332,0
DA:333,0
DA:334,0
DA:339,0
DA:340,0
DA:341,0
DA:344,0
DA:348,0
DA:350,0
DA:357,0
DA:358,0
DA:359,0
DA:361,0
DA:362,0
DA:364,0
DA:373,0
DA:382,0
DA:383,0
DA:384,0
DA:386,0
DA:387,0
DA:396,0
DA:399,0
DA:400,0
DA:402,0
DA:409,0
DA:410,0
DA:413,0
DA:414,0
DA:415,0
DA:417,0
DA:418,0
DA:419,0
DA:421,0
DA:422,0
DA:424,0
DA:431,0
DA:432,0
DA:435,0
DA:436,0
DA:437,0
DA:439,0
DA:440,0
DA:441,0
DA:443,0
DA:444,0
DA:446,0
DA:453,0
DA:454,0
DA:461,0
DA:462,0
DA:463,0
DA:464,0
DA:471,0
DA:472,0
DA:480,0
DA:481,0
DA:482,0
DA:489,0
DA:490,0
DA:491,0
DA:492,0
DA:499,0
DA:501,0
DA:507,0
DA:508,0
DA:509,0
DA:512,0
DA:519,0
DA:520,0
DA:528,0
DA:529,0
DA:530,0
DA:531,0
DA:532,0
DA:539,0
DA:546,0
DA:559,0
DA:560,0
DA:567,0
DA:574,0
DA:581,0
DA:588,0
DA:591,0
DA:592,0
DA:593,0
DA:594,0
DA:597,0
DA:598,0
DA:602,0
DA:604,0
LF:210
LH:0
BRDA:30,0,0,0
BRDA:34,1,0,0
BRDA:34,1,1,0
BRDA:72,2,0,0
BRDA:72,2,1,0
BRDA:127,3,0,0
BRDA:127,3,1,0
BRDA:171,4,0,0
BRDA:171,4,1,0
BRDA:182,5,0,0
BRDA:182,5,1,0
BRDA:197,6,0,0
BRDA:197,6,1,0
BRDA:202,7,0,0
BRDA:202,7,1,0
BRDA:203,8,0,0
BRDA:203,8,1,0
BRDA:208,9,0,0
BRDA:208,9,1,0
BRDA:208,10,0,0
BRDA:208,10,1,0
BRDA:218,11,0,0
BRDA:218,11,1,0
BRDA:226,12,0,0
BRDA:226,12,1,0
BRDA:226,13,0,0
BRDA:226,13,1,0
BRDA:233,14,0,0
BRDA:233,14,1,0
BRDA:234,15,0,0
BRDA:234,15,1,0
BRDA:235,16,0,0
BRDA:235,16,1,0
BRDA:247,17,0,0
BRDA:247,17,1,0
BRDA:249,18,0,0
BRDA:249,18,1,0
BRDA:254,19,0,0
BRDA:254,19,1,0
BRDA:264,20,0,0
BRDA:264,20,1,0
BRDA:274,21,0,0
BRDA:274,21,1,0
BRDA:284,22,0,0
BRDA:284,22,1,0
BRDA:287,23,0,0
BRDA:287,23,1,0
BRDA:294,24,0,0
BRDA:294,24,1,0
BRDA:309,25,0,0
BRDA:310,26,0,0
BRDA:310,26,1,0
BRDA:313,27,0,0
BRDA:313,27,1,0
BRDA:323,28,0,0
BRDA:323,28,1,0
BRDA:323,29,0,0
BRDA:323,29,1,0
BRDA:331,30,0,0
BRDA:331,30,1,0
BRDA:331,31,0,0
BRDA:331,31,1,0
BRDA:333,32,0,0
BRDA:333,32,1,0
BRDA:333,33,0,0
BRDA:333,33,1,0
BRDA:374,34,0,0
BRDA:374,34,1,0
BRDA:383,35,0,0
BRDA:383,35,1,0
BRDA:384,36,0,0
BRDA:384,36,1,0
BRDA:453,37,0,0
BRDA:453,37,1,0
BRDA:471,38,0,0
BRDA:471,38,1,0
BRDA:498,39,0,0
BRDA:499,40,0,0
BRDA:499,40,1,0
BRDA:507,41,0,0
BRDA:507,41,1,0
BRDA:519,42,0,0
BRDA:519,42,1,0
BRDA:560,43,0,0
BRDA:560,43,1,0
BRDA:580,44,0,0
BRDA:597,45,0,0
BRDA:597,45,1,0
BRDA:597,46,0,0
BRDA:597,46,1,0
BRF:90
BRH:0
end_of_record
TN:
SF:src/GraphNetworkLegacy.js
FN:21,(anonymous_0)
FN:30,(anonymous_1)
FN:94,(anonymous_2)
FN:165,(anonymous_3)
FN:177,(anonymous_4)
FN:189,(anonymous_5)
FN:208,(anonymous_6)
FN:217,(anonymous_7)
FN:239,(anonymous_8)
FN:252,(anonymous_9)
FN:277,(anonymous_10)
FN:292,(anonymous_11)
FN:306,(anonymous_12)
FN:335,(anonymous_13)
FN:349,(anonymous_14)
FN:355,(anonymous_15)
FN:361,(anonymous_16)
FN:371,(anonymous_17)
FN:377,(anonymous_18)
FN:388,(anonymous_19)
FN:408,(anonymous_20)
FN:424,(anonymous_21)
FN:435,(anonymous_22)
FN:444,(anonymous_23)
FN:487,(anonymous_24)
FN:495,(anonymous_25)
FN:504,(anonymous_26)
FN:516,(anonymous_27)
FN:527,(anonymous_28)
FN:529,(anonymous_29)
FN:536,(anonymous_30)
FN:557,(anonymous_31)
FN:575,(anonymous_32)
FN:579,(anonymous_33)
FN:609,(anonymous_34)
FN:691,(anonymous_35)
FN:693,(anonymous_36)
FN:702,(anonymous_37)
FN:711,(anonymous_38)
FN:720,(anonymous_39)
FN:725,(anonymous_40)
FN:726,(anonymous_41)
FN:727,(anonymous_42)
FN:728,(anonymous_43)
FN:729,(anonymous_44)
FN:732,(anonymous_45)
FN:733,(anonymous_46)
FN:734,(anonymous_47)
FN:735,(anonymous_48)
FN:738,(anonymous_49)
FN:753,(anonymous_50)
FN:759,(anonymous_51)
FN:774,(anonymous_52)
FN:788,(anonymous_53)
FN:809,(anonymous_54)
FN:824,(anonymous_55)
FN:848,(anonymous_56)
FN:864,(anonymous_57)
FN:884,(anonymous_58)
FN:939,(anonymous_59)
FN:958,(anonymous_60)
FN:1022,(anonymous_61)
FN:1112,(anonymous_62)
FN:1124,(anonymous_63)
FN:1132,(anonymous_64)
FN:1139,(anonymous_65)
FN:1157,(anonymous_66)
FN:1175,(anonymous_67)
FN:1186,(anonymous_68)
FN:1189,(anonymous_69)
FN:1196,(anonymous_70)
FN:1207,(anonymous_71)
FN:1222,(anonymous_72)
FN:1231,(anonymous_73)
FN:1238,(anonymous_74)
FN:1245,(anonymous_75)
FN:1257,(anonymous_76)
FN:1259,(anonymous_77)
FN:1275,(anonymous_78)
FN:1291,(anonymous_79)
FN:1307,(anonymous_80)
FN:1309,(anonymous_81)
FN:1338,(anonymous_82)
FN:1358,(anonymous_83)
FN:1363,(anonymous_84)
FN:1376,(anonymous_85)
FN:1380,(anonymous_86)
FN:1440,(anonymous_87)
FN:1449,(anonymous_88)
FN:1455,(anonymous_89)
FN:1461,(anonymous_90)
FN:1484,(anonymous_91)
FN:1498,(anonymous_92)
FN:1504,(anonymous_93)
FN:1506,(anonymous_94)
FN:1514,(anonymous_95)
FN:1525,(anonymous_96)
FN:1530,(anonymous_97)
FN:1544,(anonymous_98)
FN:1551,(anonymous_99)
FN:1558,(anonymous_100)
FN:1565,(anonymous_101)
FN:1568,(anonymous_102)
FN:1569,(anonymous_103)
FN:1570,(anonymous_104)
FN:1571,(anonymous_105)
FN:1572,(anonymous_106)
FNF:107
FNH:0
FNDA:0,(anonymous_0)
FNDA:0,(anonymous_1)
FNDA:0,(anonymous_2)
FNDA:0,(anonymous_3)
FNDA:0,(anonymous_4)
FNDA:0,(anonymous_5)
FNDA:0,(anonymous_6)
FNDA:0,(anonymous_7)
FNDA:0,(anonymous_8)
FNDA:0,(anonymous_9)
FNDA:0,(anonymous_10)
FNDA:0,(anonymous_11)
FNDA:0,(anonymous_12)
FNDA:0,(anonymous_13)
FNDA:0,(anonymous_14)
FNDA:0,(anonymous_15)
FNDA:0,(anonymous_16)
FNDA:0,(anonymous_17)
FNDA:0,(anonymous_18)
FNDA:0,(anonymous_19)
FNDA:0,(anonymous_20)
FNDA:0,(anonymous_21)
FNDA:0,(anonymous_22)
FNDA:0,(anonymous_23)
FNDA:0,(anonymous_24)
FNDA:0,(anonymous_25)
FNDA:0,(anonymous_26)
FNDA:0,(anonymous_27)
FNDA:0,(anonymous_28)
FNDA:0,(anonymous_29)
FNDA:0,(anonymous_30)
FNDA:0,(anonymous_31)
FNDA:0,(anonymous_32)
FNDA:0,(anonymous_33)
FNDA:0,(anonymous_34)
FNDA:0,(anonymous_35)
FNDA:0,(anonymous_36)
FNDA:0,(anonymous_37)
FNDA:0,(anonymous_38)
FNDA:0,(anonymous_39)
FNDA:0,(anonymous_40)
FNDA:0,(anonymous_41)
FNDA:0,(anonymous_42)
FNDA:0,(anonymous_43)
FNDA:0,(anonymous_44)
FNDA:0,(anonymous_45)
FNDA:0,(anonymous_46)
FNDA:0,(anonymous_47)
FNDA:0,(anonymous_48)
FNDA:0,(anonymous_49)
FNDA:0,(anonymous_50)
FNDA:0,(anonymous_51)
FNDA:0,(anonymous_52)
FNDA:0,(anonymous_53)
FNDA:0,(anonymous_54)
FNDA:0,(anonymous_55)
FNDA:0,(anonymous_56)
FNDA:0,(anonymous_57)
FNDA:0,(anonymous_58)
FNDA:0,(anonymous_59)
FNDA:0,(anonymous_60)
FNDA:0,(anonymous_61)
FNDA:0,(anonymous_62)
FNDA:0,(anonymous_63)
FNDA:0,(anonymous_64)
FNDA:0,(anonymous_65)
FNDA:0,(anonymous_66)
FNDA:0,(anonymous_67)
FNDA:0,(anonymous_68)
FNDA:0,(anonymous_69)
FNDA:0,(anonymous_70)
FNDA:0,(anonymous_71)
FNDA:0,(anonymous_72)
FNDA:0,(anonymous_73)
FNDA:0,(anonymous_74)
FNDA:0,(anonymous_75)
FNDA:0,(anonymous_76)
FNDA:0,(anonymous_77)
FNDA:0,(anonymous_78)
FNDA:0,(anonymous_79)
FNDA:0,(anonymous_80)
FNDA:0,(anonymous_81)
FNDA:0,(anonymous_82)
FNDA:0,(anonymous_83)
FNDA:0,(anonymous_84)
FNDA:0,(anonymous_85)
FNDA:0,(anonymous_86)
FNDA:0,(anonymous_87)
FNDA:0,(anonymous_88)
FNDA:0,(anonymous_89)
FNDA:0,(anonymous_90)
FNDA:0,(anonymous_91)
FNDA:0,(anonymous_92)
FNDA:0,(anonymous_93)
FNDA:0,(anonymous_94)
FNDA:0,(anonymous_95)
FNDA:0,(anonymous_96)
FNDA:0,(anonymous_97)
FNDA:0,(anonymous_98)
FNDA:0,(anonymous_99)
FNDA:0,(anonymous_100)
FNDA:0,(anonymous_101)
FNDA:0,(anonymous_102)
FNDA:0,(anonymous_103)
FNDA:0,(anonymous_104)
FNDA:0,(anonymous_105)
FNDA:0,(anonymous_106)
DA:22,0
DA:23,0
DA:26,0
DA:31,0
DA:32,0
DA:34,0
DA:35,0
DA:40,0
DA:57,0
DA:58,0
DA:59,0
DA:60,0
DA:61,0
DA:62,0
DA:63,0
DA:66,0
DA:67,0
DA:68,0
DA:69,0
DA:70,0
DA:73,0
DA:74,0
DA:75,0
DA:76,0
DA:77,0
DA:78,0
DA:79,0
DA:80,0
DA:83,0
DA:84,0
DA:85,0
DA:87,0
DA:88,0
DA:96,0
DA:99,0
DA:100,0
DA:102,0
DA:103,0
DA:104,0
DA:105,0
DA:106,0
DA:109,0
DA:110,0
DA:111,0
DA:114,0
DA:115,0
DA:116,0
DA:119,0
DA:120,0
DA:121,0
DA:122,0
DA:123,0
DA:124,0
DA:125,0
DA:126,0
DA:128,0
DA:129,0
DA:130,0
DA:131,0
DA:132,0
DA:133,0
DA:136,0
DA:137,0
DA:138,0
DA:141,0
DA:142,0
DA:143,0
DA:145,0
DA:146,0
DA:147,0
DA:150,0
DA:151,0
DA:152,0
DA:155,0
DA:156,0
DA:157,0
DA:158,0
DA:159,0
DA:166,0
DA:168,0
DA:169,0
DA:170,0
DA:171,0
DA:178,0
DA:180,0
DA:181,0
DA:182,0
DA:183,0
DA:191,0
DA:206,0
DA:207,0
DA:208,0
DA:209,0
DA:210,0
DA:216,0
DA:217,0
DA:218,0
DA:219,0
DA:224,0
DA:225,0
DA:233,0
DA:240,0
DA:243,0
DA:244,0
DA:247,0
DA:250,0
DA:252,0
DA:253,0
DA:254,0
DA:256,0
DA:257,0
DA:259,0
DA:260,0
DA:261,0
DA:263,0
DA:264,0
DA:265,0
DA:267,0
DA:268,0
DA:269,0
DA:270,0
DA:278,0
DA:280,0
DA:281,0
DA:283,0
DA:284,0
DA:286,0
DA:287,0
DA:289,0
DA:290,0
DA:291,0
DA:292,0
DA:293,0
DA:294,0
DA:297,0
DA:298,0
DA:300,0
DA:301,0
DA:304,0
DA:306,0
DA:307,0
DA:308,0
DA:310,0
DA:311,0
DA:313,0
DA:314,0
DA:315,0
DA:317,0
DA:318,0
DA:319,0
DA:321,0
DA:322,0
DA:323,0
DA:324,0
DA:327,0
DA:328,0
DA:329,0
DA:336,0
DA:338,0
DA:339,0
DA:342,0
DA:343,0
DA:346,0
DA:347,0
DA:348,0
DA:349,0
DA:352,0
DA:353,0
DA:354,0
DA:355,0
DA:358,0
DA:359,0
DA:360,0
DA:361,0
DA:363,0
DA:364,0
DA:365,0
DA:368,0
DA:369,0
DA:370,0
DA:371,0
DA:374,0
DA:375,0
DA:376,0
DA:377,0
DA:379,0
DA:380,0
DA:381,0
DA:382,0
DA:389,0
DA:391,0
DA:392,0
DA:394,0
DA:395,0
DA:396,0
DA:399,0
DA:408,0
DA:409,0
DA:410,0
DA:412,0
DA:413,0
DA:414,0
DA:416,0
DA:417,0
DA:418,0
DA:419,0
DA:420,0
DA:421,0
DA:422,0
DA:424,0
DA:426,0
DA:427,0
DA:428,0
DA:432,0
DA:433,0
DA:434,0
DA:435,0
DA:437,0
DA:438,0
DA:445,0
DA:446,0
DA:448,0
DA:450,0
DA:451,0
DA:453,0
DA:454,0
DA:456,0
DA:457,0
DA:459,0
DA:460,0
DA:461,0
DA:463,0
DA:464,0
DA:465,0
DA:467,0
DA:468,0
DA:469,0
DA:471,0
DA:472,0
DA:473,0
DA:474,0
DA:476,0
DA:478,0
DA:479,0
DA:480,0
DA:488,0
DA:489,0
DA:496,0
DA:497,0
DA:498,0
DA:505,0
DA:506,0
DA:507,0
DA:508,0
DA:510,0
DA:517,0
DA:518,0
DA:519,0
DA:520,0
DA:521,0
DA:529,0
DA:530,0
DA:531,0
DA:532,0
DA:536,0
DA:537,0
DA:538,0
DA:539,0
DA:540,0
DA:547,0
DA:548,0
DA:549,0
DA:558,0
DA:559,0
DA:560,0
DA:561,0
DA:562,0
DA:563,0
DA:565,0
DA:566,0
DA:567,0
DA:569,0
DA:576,0
DA:579,0
DA:580,0
DA:581,0
DA:582,0
DA:584,0
DA:585,0
DA:587,0
DA:588,0
DA:589,0
DA:590,0
DA:593,0
DA:596,0
DA:597,0
DA:598,0
DA:600,0
DA:601,0
DA:602,0
DA:603,0
DA:605,0
DA:609,0
DA:610,0
DA:611,0
DA:614,0
DA:616,0
DA:618,0
DA:619,0
DA:620,0
DA:621,0
DA:622,0
DA:624,0
DA:625,0
DA:627,0
DA:628,0
DA:629,0
DA:630,0
DA:631,0
DA:632,0
DA:633,0
DA:634,0
DA:635,0
DA:637,0
DA:638,0
DA:639,0
DA:640,0
DA:641,0
DA:642,0
DA:643,0
DA:645,0
DA:646,0
DA:647,0
DA:648,0
DA:649,0
DA:650,0
DA:651,0
DA:652,0
DA:654,0
DA:655,0
DA:660,0
DA:661,0
DA:662,0
DA:665,0
DA:666,0
DA:667,0
DA:670,0
DA:672,0
DA:673,0
DA:675,0
DA:677,0
DA:678,0
DA:679,0
DA:680,0
DA:681,0
DA:683,0
DA:684,0
DA:693,0
DA:694,0
DA:695,0
DA:696,0
DA:697,0
DA:698,0
DA:702,0
DA:703,0
DA:704,0
DA:705,0
DA:706,0
DA:707,0
DA:711,0
DA:712,0
DA:713,0
DA:714,0
DA:715,0
DA:716,0
DA:720,0
DA:721,0
DA:725,0
DA:726,0
DA:727,0
DA:728,0
DA:729,0
DA:732,0
DA:733,0
DA:734,0
DA:735,0
DA:738,0
DA:739,0
DA:740,0
DA:741,0
DA:742,0
DA:743,0
DA:744,0
DA:745,0
DA:746,0
DA:747,0
DA:753,0
DA:760,0
DA:762,0
DA:763,0
DA:765,0
DA:766,0
DA:768,0
DA:775,0
DA:777,0
DA:778,0
DA:780,0
DA:782,0
DA:789,0
DA:790,0
DA:794,0
DA:795,0
DA:796,0
DA:797,0
DA:801,0
DA:802,0
DA:803,0
DA:810,0
DA:811,0
DA:815,0
DA:816,0
DA:817,0
DA:825,0
DA:826,0
DA:827,0
DA:828,0
DA:831,0
DA:832,0
DA:833,0
DA:834,0
DA:835,0
DA:836,0
DA:837,0
DA:838,0
DA:839,0
DA:840,0
DA:841,0
DA:849,0
DA:851,0
DA:852,0
DA:855,0
DA:856,0
DA:857,0
DA:858,0
DA:865,0
DA:866,0
DA:867,0
DA:868,0
DA:870,0
DA:871,0
DA:873,0
DA:875,0
DA:876,0
DA:878,0
DA:885,0
DA:886,0
DA:889,0
DA:890,0
DA:892,0
DA:894,0
DA:896,0
DA:898,0
DA:900,0
DA:904,0
DA:905,0
DA:906,0
DA:907,0
DA:912,0
DA:913,0
DA:914,0
DA:916,0
DA:917,0
DA:919,0
DA:920,0
DA:923,0
DA:929,0
DA:940,0
DA:941,0
DA:943,0
DA:944,0
DA:945,0
DA:947,0
DA:948,0
DA:950,0
DA:952,0
DA:959,0
DA:960,0
DA:962,0
DA:963,0
DA:965,0
DA:967,0
DA:968,0
DA:969,0
DA:970,0
DA:971,0
DA:972,0
DA:973,0
DA:975,0
DA:976,0
DA:977,0
DA:978,0
DA:979,0
DA:981,0
DA:983,0
DA:984,0
DA:986,0
DA:991,0
DA:997,0
DA:998,0
DA:999,0
DA:1001,0
DA:1004,0
DA:1005,0
DA:1006,0
DA:1008,0
DA:1009,0
DA:1012,0
DA:1013,0
DA:1015,0
DA:1023,0
DA:1024,0
DA:1025,0
DA:1028,0
DA:1032,0
DA:1035,0
DA:1036,0
DA:1038,0
DA:1040,0
DA:1041,0
DA:1042,0
DA:1045,0
DA:1050,0
DA:1051,0
DA:1053,0
DA:1055,0
DA:1056,0
DA:1057,0
DA:1058,0
DA:1059,0
DA:1060,0
DA:1062,0
DA:1064,0
DA:1066,0
DA:1068,0
DA:1069,0
DA:1070,0
DA:1075,0
DA:1078,0
DA:1079,0
DA:1082,0
DA:1086,0
DA:1087,0
DA:1089,0
DA:1090,0
DA:1093,0
DA:1094,0
DA:1095,0
DA:1096,0
DA:1097,0
DA:1098,0
DA:1099,0
DA:1100,0
DA:1102,0
DA:1103,0
DA:1104,0
DA:1105,0
DA:1113,0
DA:1114,0
DA:1115,0
DA:1116,0
DA:1117,0
DA:1118,0
DA:1125,0
DA:1126,0
DA:1133,0
DA:1140,0
DA:1141,0
DA:1142,0
DA:1144,0
DA:1146,0
DA:1147,0
DA:1148,0
DA:1150,0
DA:1151,0
DA:1153,0
DA:1154,0
DA:1155,0
DA:1157,0
DA:1158,0
DA:1159,0
DA:1160,0
DA:1161,0
DA:1166,0
DA:1167,0
DA:1168,0
DA:1169,0
DA:1176,0
DA:1177,0
DA:1178,0
DA:1179,0
DA:1180,0
DA:1187,0
DA:1189,0
DA:1190,0
DA:1191,0
DA:1192,0
DA:1194,0
DA:1195,0
DA:1196,0
DA:1197,0
DA:1198,0
DA:1201,0
DA:1202,0
DA:1203,0
DA:1207,0
DA:1208,0
DA:1210,0
DA:1211,0
DA:1212,0
DA:1213,0
DA:1214,0
DA:1223,0
DA:1225,0
DA:1227,0
DA:1228,0
DA:1229,0
DA:1230,0
DA:1231,0
DA:1232,0
DA:1233,0
DA:1235,0
DA:1237,0
DA:1238,0
DA:1239,0
DA:1240,0
DA:1241,0
DA:1242,0
DA:1243,0
DA:1244,0
DA:1245,0
DA:1246,0
DA:1247,0
DA:1249,0
DA:1259,0
DA:1260,0
DA:1264,0
DA:1267,0
DA:1269,0
DA:1276,0
DA:1277,0
DA:1278,0
DA:1279,0
DA:1281,0
DA:1282,0
DA:1283,0
DA:1285,0
DA:1292,0
DA:1293,0
DA:1294,0
DA:1295,0
DA:1297,0
DA:1298,0
DA:1299,0
DA:1301,0
DA:1308,0
DA:1309,0
DA:1311,0
DA:1312,0
DA:1313,0
DA:1314,0
DA:1316,0
DA:1318,0
DA:1321,0
DA:1322,0
DA:1324,0
DA:1326,0
DA:1327,0
DA:1328,0
DA:1330,0
DA:1331,0
DA:1332,0
DA:1333,0
DA:1338,0
DA:1339,0
DA:1341,0
DA:1344,0
DA:1345,0
DA:1347,0
DA:1349,0
DA:1350,0
DA:1351,0
DA:1359,0
DA:1360,0
DA:1363,0
DA:1364,0
DA:1365,0
DA:1367,0
DA:1368,0
DA:1369,0
DA:1377,0
DA:1380,0
DA:1381,0
DA:1383,0
DA:1384,0
DA:1385,0
DA:1386,0
DA:1388,0
DA:1389,0
DA:1392,0
DA:1393,0
DA:1394,0
DA:1396,0
DA:1397,0
DA:1399,0
DA:1400,0
DA:1402,0
DA:1404,0
DA:1406,0
DA:1409,0
DA:1410,0
DA:1411,0
DA:1412,0
DA:1413,0
DA:1414,0
DA:1417,0
DA:1418,0
DA:1419,0
DA:1420,0
DA:1422,0
DA:1423,0
DA:1424,0
DA:1425,0
DA:1428,0
DA:1430,0
DA:1431,0
DA:1433,0
DA:1434,0
DA:1435,0
DA:1436,0
DA:1440,0
DA:1441,0
DA:1442,0
DA:1450,0
DA:1451,0
DA:1452,0
DA:1454,0
DA:1455,0
DA:1462,0
DA:1463,0
DA:1464,0
DA:1465,0
DA:1466,0
DA:1467,0
DA:1468,0
DA:1470,0
DA:1471,0
DA:1473,0
DA:1474,0
DA:1476,0
DA:1477,0
DA:1485,0
DA:1486,0
DA:1489,0
DA:1490,0
DA:1491,0
DA:1492,0
DA:1494,0
DA:1499,0
DA:1500,0
DA:1501,0
DA:1505,0
DA:1506,0
DA:1515,0
DA:1516,0
DA:1517,0
DA:1519,0
DA:1526,0
DA:1527,0
DA:1530,0
DA:1531,0
DA:1534,0
DA:1535,0
DA:1538,0
DA:1545,0
DA:1552,0
DA:1559,0
DA:1566,0
DA:1568,0
DA:1569,0
DA:1570,0
DA:1571,0
DA:1572,0
DA:1574,0
DA:1575,0
DA:1576,0
DA:1577,0
DA:1579,0
DA:1580,0
DA:1581,0
DA:1583,0
DA:1584,0
DA:1585,0
DA:1587,0
LF:803
LH:0
BRDA:30,0,0,0
BRDA:34,1,0,0
BRDA:34,1,1,0
BRDA:84,2,0,0
BRDA:84,2,1,0
BRDA:166,3,0,0
BRDA:166,3,1,0
BRDA:178,4,0,0
BRDA:178,4,1,0
BRDA:207,5,0,0
BRDA:207,5,1,0
BRDA:209,6,0,0
BRDA:209,6,1,0
BRDA:209,7,0,0
BRDA:209,7,1,0
BRDA:218,8,0,0
BRDA:218,8,1,0
BRDA:224,9,0,0
BRDA:224,9,1,0
BRDA:240,10,0,0
BRDA:240,10,1,0
BRDA:240,11,0,0
BRDA:240,11,1,0
BRDA:244,12,0,0
BRDA:244,12,1,0
BRDA:278,13,0,0
BRDA:278,13,1,0
BRDA:294,14,0,0
BRDA:294,14,1,0
BRDA:336,15,0,0
BRDA:336,15,1,0
BRDA:370,16,0,0
BRDA:370,16,1,0
BRDA:389,17,0,0
BRDA:389,17,1,0
BRDA:448,18,0,0
BRDA:448,18,1,0
BRDA:448,18,2,0
BRDA:448,18,3,0
BRDA:448,18,4,0
BRDA:448,18,5,0
BRDA:450,19,0,0
BRDA:450,19,1,0
BRDA:473,20,0,0
BRDA:473,20,1,0
BRDA:489,21,0,0
BRDA:489,21,1,0
BRDA:497,22,0,0
BRDA:497,22,1,0
BRDA:507,23,0,0
BRDA:507,23,1,0
BRDA:508,24,0,0
BRDA:508,24,1,0
BRDA:539,25,0,0
BRDA:539,25,1,0
BRDA:539,26,0,0
BRDA:539,26,1,0
BRDA:584,27,0,0
BRDA:584,27,1,0
BRDA:587,28,0,0
BRDA:587,28,1,0
BRDA:589,29,0,0
BRDA:589,29,1,0
BRDA:616,30,0,0
BRDA:616,30,1,0
BRDA:616,30,2,0
BRDA:616,30,3,0
BRDA:616,30,4,0
BRDA:672,31,0,0
BRDA:672,31,1,0
BRDA:695,32,0,0
BRDA:695,32,1,0
BRDA:704,33,0,0
BRDA:704,33,1,0
BRDA:713,34,0,0
BRDA:713,34,1,0
BRDA:743,35,0,0
BRDA:743,35,1,0
BRDA:746,36,0,0
BRDA:746,36,1,0
BRDA:777,37,0,0
BRDA:777,37,1,0
BRDA:789,38,0,0
BRDA:789,38,1,0
BRDA:789,39,0,0
BRDA:789,39,1,0
BRDA:794,40,0,0
BRDA:794,40,1,0
BRDA:794,41,0,0
BRDA:794,41,1,0
BRDA:796,42,0,0
BRDA:796,42,1,0
BRDA:810,43,0,0
BRDA:810,43,1,0
BRDA:810,44,0,0
BRDA:810,44,1,0
BRDA:815,45,0,0
BRDA:815,45,1,0
BRDA:825,46,0,0
BRDA:825,46,1,0
BRDA:825,47,0,0
BRDA:825,47,1,0
BRDA:836,48,0,0
BRDA:836,48,1,0
BRDA:849,49,0,0
BRDA:849,49,1,0
BRDA:849,50,0,0
BRDA:849,50,1,0
BRDA:851,51,0,0
BRDA:851,51,1,0
BRDA:871,52,0,0
BRDA:871,52,1,0
BRDA:892,53,0,0
BRDA:892,53,1,0
BRDA:896,54,0,0
BRDA:896,54,1,0
BRDA:896,55,0,0
BRDA:896,55,1,0
BRDA:904,56,0,0
BRDA:904,56,1,0
BRDA:904,57,0,0
BRDA:904,57,1,0
BRDA:906,58,0,0
BRDA:906,58,1,0
BRDA:914,59,0,0
BRDA:914,59,1,0
BRDA:941,60,0,0
BRDA:941,60,1,0
BRDA:962,61,0,0
BRDA:962,61,1,0
BRDA:965,62,0,0
BRDA:965,62,1,0
BRDA:965,63,0,0
BRDA:965,63,1,0
BRDA:973,64,0,0
BRDA:973,64,1,0
BRDA:981,65,0,0
BRDA:981,65,1,0
BRDA:981,66,0,0
BRDA:981,66,1,0
BRDA:1024,67,0,0
BRDA:1024,67,1,0
BRDA:1028,68,0,0
BRDA:1028,68,1,0
BRDA:1028,68,2,0
BRDA:1028,68,3,0
BRDA:1028,68,4,0
BRDA:1035,69,0,0
BRDA:1035,69,1,0
BRDA:1035,69,2,0
BRDA:1035,69,3,0
BRDA:1035,69,4,0
BRDA:1036,70,0,0
BRDA:1036,70,1,0
BRDA:1040,71,0,0
BRDA:1040,71,1,0
BRDA:1041,72,0,0
BRDA:1041,72,1,0
BRDA:1045,73,0,0
BRDA:1045,73,1,0
BRDA:1045,73,2,0
BRDA:1046,74,0,0
BRDA:1046,74,1,0
BRDA:1047,75,0,0
BRDA:1047,75,1,0
BRDA:1053,76,0,0
BRDA:1053,76,1,0
BRDA:1057,77,0,0
BRDA:1057,77,1,0
BRDA:1059,78,0,0
BRDA:1059,78,1,0
BRDA:1066,79,0,0
BRDA:1066,79,1,0
BRDA:1069,80,0,0
BRDA:1069,80,1,0
BRDA:1086,81,0,0
BRDA:1086,81,1,0
BRDA:1087,82,0,0
BRDA:1087,82,1,0
BRDA:1087,83,0,0
BRDA:1087,83,1,0
BRDA:1089,84,0,0
BRDA:1089,84,1,0
BRDA:1100,85,0,0
BRDA:1100,85,1,0
BRDA:1139,86,0,0
BRDA:1140,87,0,0
BRDA:1140,87,1,0
BRDA:1142,88,0,0
BRDA:1142,88,1,0
BRDA:1155,89,0,0
BRDA:1155,89,1,0
BRDA:1158,90,0,0
BRDA:1158,90,1,0
BRDA:1190,91,0,0
BRDA:1190,91,1,0
BRDA:1192,92,0,0
BRDA:1192,92,1,0
BRDA:1194,93,0,0
BRDA:1194,93,1,0
BRDA:1194,94,0,0
BRDA:1194,94,1,0
BRDA:1197,95,0,0
BRDA:1197,95,1,0
BRDA:1197,96,0,0
BRDA:1197,96,1,0
BRDA:1201,97,0,0
BRDA:1201,97,1,0
BRDA:1202,98,0,0
BRDA:1202,98,1,0
BRDA:1208,99,0,0
BRDA:1208,99,1,0
BRDA:1208,99,2,0
BRDA:1211,100,0,0
BRDA:1211,100,1,0
BRDA:1212,101,0,0
BRDA:1212,101,1,0
BRDA:1213,102,0,0
BRDA:1213,102,1,0
BRDA:1214,103,0,0
BRDA:1214,103,1,0
BRDA:1223,104,0,0
BRDA:1223,104,1,0
BRDA:1237,105,0,0
BRDA:1237,105,1,0
BRDA:1237,106,0,0
BRDA:1237,106,1,0
BRDA:1316,107,0,0
BRDA:1316,107,1,0
BRDA:1316,108,0,0
BRDA:1316,108,1,0
BRDA:1316,108,2,0
BRDA:1324,109,0,0
BRDA:1324,109,1,0
BRDA:1330,110,0,0
BRDA:1330,110,1,0
BRDA:1330,111,0,0
BRDA:1330,111,1,0
BRDA:1339,112,0,0
BRDA:1339,112,1,0
BRDA:1339,113,0,0
BRDA:1339,113,1,0
BRDA:1339,113,2,0
BRDA:1347,114,0,0
BRDA:1347,114,1,0
BRDA:1364,115,0,0
BRDA:1364,115,1,0
BRDA:1365,116,0,0
BRDA:1365,116,1,0
BRDA:1365,117,0,0
BRDA:1365,117,1,0
BRDA:1392,118,0,0
BRDA:1392,118,1,0
BRDA:1392,119,0,0
BRDA:1392,119,1,0
BRDA:1393,120,0,0
BRDA:1393,120,1,0
BRDA:1394,121,0,0
BRDA:1394,121,1,0
BRDA:1402,122,0,0
BRDA:1402,122,1,0
BRDA:1402,123,0,0
BRDA:1402,123,1,0
BRDA:1411,124,0,0
BRDA:1411,124,1,0
BRDA:1411,125,0,0
BRDA:1411,125,1,0
BRDA:1428,126,0,0
BRDA:1428,126,1,0
BRDA:1450,127,0,0
BRDA:1450,127,1,0
BRDA:1485,128,0,0
BRDA:1485,128,1,0
BRDA:1499,129,0,0
BRDA:1499,129,1,0
BRDA:1500,130,0,0
BRDA:1500,130,1,0
BRDA:1505,131,0,0
BRDA:1505,131,1,0
BRDA:1505,132,0,0
BRDA:1505,132,1,0
BRDA:1527,133,0,0
BRDA:1527,133,1,0
BRDA:1531,134,0,0
BRDA:1531,134,1,0
BRDA:1566,135,0,0
BRDA:1566,135,1,0
BRF:287
BRH:0
end_of_record
TN:
SF:src/Node.js
FN:7,(anonymous_0)
FN:26,(anonymous_1)
FN:39,(anonymous_2)
FN:47,(anonymous_3)
FNF:4
FNH:4
FNDA:105,(anonymous_0)
FNDA:4,(anonymous_1)
FNDA:9,(anonymous_2)
FNDA:4,(anonymous_3)
DA:8,105
DA:9,105
DA:13,105
DA:14,105
DA:15,105
DA:16,105
DA:19,105
DA:20,105
DA:27,4
DA:28,2
DA:32,2
DA:40,9
DA:41,9
DA:48,4
LF:14
LH:14
BRDA:7,0,0,29
BRDA:7,1,0,29
BRDA:15,2,0,104
BRDA:15,2,1,1
BRDA:27,3,0,2
BRDA:27,3,1,2
BRF:6
BRH:6
end_of_record
TN:
SF:src/Vector.js
FN:5,(anonymous_0)
FN:10,(anonymous_1)
FN:14,(anonymous_2)
FN:18,(anonymous_3)
FN:22,(anonymous_4)
FN:29,(anonymous_5)
FN:33,(anonymous_6)
FN:41,(anonymous_7)
FNF:8
FNH:8
FNDA:875,(anonymous_0)
FNDA:82,(anonymous_1)
FNDA:110,(anonymous_2)
FNDA:96,(anonymous_3)
FNDA:5,(anonymous_4)
FNDA:132,(anonymous_5)
FNDA:57,(anonymous_6)
FNDA:6,(anonymous_7)
DA:6,875
DA:7,875
DA:11,82
DA:15,110
DA:19,96
DA:23,5
DA:24,1
DA:26,4
DA:30,132
DA:34,57
DA:35,57
DA:36,1
DA:38,56
DA:42,6
DA:43,6
DA:44,6
LF:16
LH:16
BRDA:5,0,0,255
BRDA:5,1,0,255
BRDA:23,2,0,1
BRDA:23,2,1,4
BRDA:35,3,0,1
BRDA:35,3,1,56
BRF:6
BRH:6
end_of_record
TN:
SF:src/index.js
FNF:0
FNH:0
LF:0
LH:0
BRF:0
BRH:0
end_of_record
TN:
SF:src/interaction/EventManager.js
FN:6,(anonymous_0)
FN:43,(anonymous_1)
FN:52,(anonymous_2)
FN:59,(anonymous_3)
FN:60,(anonymous_4)
FN:61,(anonymous_5)
FN:62,(anonymous_6)
FN:63,(anonymous_7)
FN:66,(anonymous_8)
FN:67,(anonymous_9)
FN:68,(anonymous_10)
FN:69,(anonymous_11)
FN:72,(anonymous_12)
FN:78,(anonymous_13)
FN:83,(anonymous_14)
FN:88,(anonymous_15)
FN:92,(anonymous_16)
FN:97,(anonymous_17)
FN:106,(anonymous_18)
FN:123,(anonymous_19)
FN:137,(anonymous_20)
FN:153,(anonymous_21)
FN:166,(anonymous_22)
FN:177,(anonymous_23)
FN:195,(anonymous_24)
FN:213,(anonymous_25)
FN:234,(anonymous_26)
FN:260,(anonymous_27)
FN:313,(anonymous_28)
FN:331,(anonymous_29)
FN:351,(anonymous_30)
FN:369,(anonymous_31)
FN:387,(anonymous_32)
FN:426,(anonymous_33)
FN:467,(anonymous_34)
FN:486,(anonymous_35)
FN:496,(anonymous_36)
FN:505,(anonymous_37)
FN:512,(anonymous_38)
FN:519,(anonymous_39)
FN:529,(anonymous_40)
FN:542,(anonymous_41)
FN:544,(anonymous_42)
FN:557,(anonymous_43)
FN:559,(anonymous_44)
FNF:45
FNH:0
FNDA:0,(anonymous_0)
FNDA:0,(anonymous_1)
FNDA:0,(anonymous_2)
FNDA:0,(anonymous_3)
FNDA:0,(anonymous_4)
FNDA:0,(anonymous_5)
FNDA:0,(anonymous_6)
FNDA:0,(anonymous_7)
FNDA:0,(anonymous_8)
FNDA:0,(anonymous_9)
FNDA:0,(anonymous_10)
FNDA:0,(anonymous_11)
FNDA:0,(anonymous_12)
FNDA:0,(anonymous_13)
FNDA:0,(anonymous_14)
FNDA:0,(anonymous_15)
FNDA:0,(anonymous_16)
FNDA:0,(anonymous_17)
FNDA:0,(anonymous_18)
FNDA:0,(anonymous_19)
FNDA:0,(anonymous_20)
FNDA:0,(anonymous_21)
FNDA:0,(anonymous_22)
FNDA:0,(anonymous_23)
FNDA:0,(anonymous_24)
FNDA:0,(anonymous_25)
FNDA:0,(anonymous_26)
FNDA:0,(anonymous_27)
FNDA:0,(anonymous_28)
FNDA:0,(anonymous_29)
FNDA:0,(anonymous_30)
FNDA:0,(anonymous_31)
FNDA:0,(anonymous_32)
FNDA:0,(anonymous_33)
FNDA:0,(anonymous_34)
FNDA:0,(anonymous_35)
FNDA:0,(anonymous_36)
FNDA:0,(anonymous_37)
FNDA:0,(anonymous_38)
FNDA:0,(anonymous_39)
FNDA:0,(anonymous_40)
FNDA:0,(anonymous_41)
FNDA:0,(anonymous_42)
FNDA:0,(anonymous_43)
FNDA:0,(anonymous_44)
DA:7,0
DA:10,0
DA:13,0
DA:14,0
DA:15,0
DA:16,0
DA:17,0
DA:20,0
DA:21,0
DA:22,0
DA:23,0
DA:24,0
DA:25,0
DA:28,0
DA:35,0
DA:36,0
DA:37,0
DA:44,0
DA:45,0
DA:46,0
DA:53,0
DA:56,0
DA:59,0
DA:60,0
DA:61,0
DA:62,0
DA:63,0
DA:66,0
DA:67,0
DA:68,0
DA:69,0
DA:72,0
DA:79,0
DA:81,0
DA:83,0
DA:84,0
DA:85,0
DA:88,0
DA:89,0
DA:92,0
DA:93,0
DA:97,0
DA:98,0
DA:107,0
DA:109,0
DA:110,0
DA:111,0
DA:113,0
DA:114,0
DA:117,0
DA:124,0
DA:125,0
DA:127,0
DA:128,0
DA:131,0
DA:138,0
DA:141,0
DA:142,0
DA:145,0
DA:146,0
DA:147,0
DA:154,0
DA:156,0
DA:157,0
DA:160,0
DA:167,0
DA:168,0
DA:169,0
DA:170,0
DA:178,0
DA:180,0
DA:181,0
DA:182,0
DA:184,0
DA:185,0
DA:187,0
DA:188,0
DA:196,0
DA:197,0
DA:199,0
DA:200,0
DA:202,0
DA:203,0
DA:206,0
DA:207,0
DA:214,0
DA:216,0
DA:217,0
DA:221,0
DA:222,0
DA:223,0
DA:224,0
DA:226,0
DA:227,0
DA:235,0
DA:237,0
DA:238,0
DA:239,0
DA:241,0
DA:242,0
DA:245,0
DA:246,0
DA:247,0
DA:248,0
DA:250,0
DA:251,0
DA:254,0
DA:261,0
DA:263,0
DA:264,0
DA:266,0
DA:268,0
DA:269,0
DA:270,0
DA:273,0
DA:274,0
DA:276,0
DA:277,0
DA:278,0
DA:280,0
DA:281,0
DA:285,0
DA:286,0
DA:289,0
DA:290,0
DA:292,0
DA:294,0
DA:295,0
DA:297,0
DA:298,0
DA:300,0
DA:305,0
DA:306,0
DA:314,0
DA:315,0
DA:317,0
DA:318,0
DA:319,0
DA:321,0
DA:322,0
DA:325,0
DA:332,0
DA:334,0
DA:336,0
DA:338,0
DA:339,0
DA:341,0
DA:342,0
DA:344,0
DA:352,0
DA:354,0
DA:355,0
DA:356,0
DA:358,0
DA:359,0
DA:361,0
DA:362,0
DA:370,0
DA:371,0
DA:373,0
DA:374,0
DA:376,0
DA:377,0
DA:380,0
DA:381,0
DA:388,0
DA:389,0
DA:391,0
DA:396,0
DA:397,0
DA:399,0
DA:400,0
DA:401,0
DA:404,0
DA:405,0
DA:406,0
DA:408,0
DA:409,0
DA:410,0
DA:411,0
DA:413,0
DA:414,0
DA:418,0
DA:419,0
DA:420,0
DA:427,0
DA:428,0
DA:431,0
DA:432,0
DA:435,0
DA:438,0
DA:439,0
DA:441,0
DA:442,0
DA:446,0
DA:447,0
DA:448,0
DA:449,0
DA:450,0
DA:451,0
DA:452,0
DA:454,0
DA:455,0
DA:457,0
DA:459,0
DA:460,0
DA:468,0
DA:470,0
DA:471,0
DA:473,0
DA:476,0
DA:477,0
DA:479,0
DA:487,0
DA:488,0
DA:490,0
DA:497,0
DA:498,0
DA:499,0
DA:506,0
DA:513,0
DA:520,0
DA:521,0
DA:523,0
DA:530,0
DA:531,0
DA:532,0
DA:533,0
DA:534,0
DA:543,0
DA:544,0
DA:545,0
DA:546,0
DA:548,0
DA:559,0
DA:562,0
DA:565,0
DA:566,0
DA:567,0
LF:239
LH:0
BRDA:6,0,0,0
BRDA:53,1,0,0
BRDA:53,1,1,0
BRDA:79,2,0,0
BRDA:79,2,1,0
BRDA:79,3,0,0
BRDA:79,3,1,0
BRDA:85,4,0,0
BRDA:85,4,1,0
BRDA:113,5,0,0
BRDA:113,5,1,0
BRDA:127,6,0,0
BRDA:127,6,1,0
BRDA:138,7,0,0
BRDA:138,7,1,0
BRDA:141,8,0,0
BRDA:141,8,1,0
BRDA:156,9,0,0
BRDA:156,9,1,0
BRDA:167,10,0,0
BRDA:167,10,1,0
BRDA:167,11,0,0
BRDA:167,11,1,0
BRDA:169,12,0,0
BRDA:169,12,1,0
BRDA:178,13,0,0
BRDA:178,13,1,0
BRDA:178,14,0,0
BRDA:178,14,1,0
BRDA:187,15,0,0
BRDA:187,15,1,0
BRDA:202,16,0,0
BRDA:202,16,1,0
BRDA:214,17,0,0
BRDA:214,17,1,0
BRDA:214,18,0,0
BRDA:214,18,1,0
BRDA:216,19,0,0
BRDA:216,19,1,0
BRDA:216,20,0,0
BRDA:216,20,1,0
BRDA:226,21,0,0
BRDA:226,21,1,0
BRDA:241,22,0,0
BRDA:241,22,1,0
BRDA:250,23,0,0
BRDA:250,23,1,0
BRDA:266,24,0,0
BRDA:266,24,1,0
BRDA:276,25,0,0
BRDA:276,25,1,0
BRDA:280,26,0,0
BRDA:280,26,1,0
BRDA:285,27,0,0
BRDA:285,27,1,0
BRDA:292,28,0,0
BRDA:292,28,1,0
BRDA:315,29,0,0
BRDA:315,29,1,0
BRDA:321,30,0,0
BRDA:321,30,1,0
BRDA:336,31,0,0
BRDA:336,31,1,0
BRDA:336,32,0,0
BRDA:336,32,1,0
BRDA:336,32,2,0
BRDA:339,33,0,0
BRDA:339,33,1,0
BRDA:339,34,0,0
BRDA:339,34,1,0
BRDA:342,35,0,0
BRDA:342,35,1,0
BRDA:342,36,0,0
BRDA:342,36,1,0
BRDA:352,37,0,0
BRDA:352,37,1,0
BRDA:352,38,0,0
BRDA:352,38,1,0
BRDA:361,39,0,0
BRDA:361,39,1,0
BRDA:376,40,0,0
BRDA:376,40,1,0
BRDA:399,41,0,0
BRDA:399,41,1,0
BRDA:413,42,0,0
BRDA:413,42,1,0
BRDA:431,43,0,0
BRDA:431,43,1,0
BRDA:431,44,0,0
BRDA:431,44,1,0
BRDA:438,45,0,0
BRDA:438,45,1,0
BRDA:439,46,0,0
BRDA:439,46,1,0
BRDA:439,47,0,0
BRDA:439,47,1,0
BRDA:441,48,0,0
BRDA:441,48,1,0
BRDA:441,49,0,0
BRDA:441,49,1,0
BRDA:454,50,0,0
BRDA:454,50,1,0
BRDA:457,51,0,0
BRDA:457,51,1,0
BRDA:468,52,0,0
BRDA:468,52,1,0
BRDA:470,53,0,0
BRDA:470,53,1,0
BRDA:476,54,0,0
BRDA:476,54,1,0
BRDA:487,55,0,0
BRDA:487,55,1,0
BRDA:520,56,0,0
BRDA:520,56,1,0
BRDA:530,57,0,0
BRDA:530,57,1,0
BRDA:533,58,0,0
BRDA:533,58,1,0
BRDA:542,59,0,0
BRDA:543,60,0,0
BRDA:543,60,1,0
BRF:121
BRH:0
end_of_record
TN:
SF:src/physics/PhysicsEngine.js
FN:8,(anonymous_0)
FN:21,(anonymous_1)
FN:31,(anonymous_2)
FN:35,(anonymous_3)
FN:55,(anonymous_4)
FN:70,(anonymous_5)
FN:74,(anonymous_6)
FN:90,(anonymous_7)
FN:108,(anonymous_8)
FN:128,(anonymous_9)
FN:145,(anonymous_10)
FN:152,(anonymous_11)
FN:154,(anonymous_12)
FNF:13
FNH:11
FNDA:27,(anonymous_0)
FNDA:4,(anonymous_1)
FNDA:13,(anonymous_2)
FNDA:33,(anonymous_3)
FNDA:19,(anonymous_4)
FNDA:6,(anonymous_5)
FNDA:15,(anonymous_6)
FNDA:28,(anonymous_7)
FNDA:28,(anonymous_8)
FNDA:18,(anonymous_9)
FNDA:10,(anonymous_10)
FNDA:0,(anonymous_11)
FNDA:0,(anonymous_12)
DA:9,27
DA:22,4
DA:32,13
DA:35,33
DA:38,13
DA:39,33
DA:40,30
DA:41,30
DA:44,30
DA:46,2
DA:49,28
DA:50,28
DA:55,13
DA:56,19
DA:58,1
DA:61,18
DA:71,6
DA:72,6
DA:74,6
DA:76,15
DA:77,14
DA:80,13
DA:81,13
DA:82,13
DA:91,28
DA:92,28
DA:94,28
DA:96,27
DA:100,27
DA:101,27
DA:109,28
DA:110,8
DA:111,8
DA:113,8
DA:115,8
DA:119,8
DA:120,8
DA:129,18
DA:130,18
DA:132,18
DA:134,17
DA:138,17
DA:139,17
DA:146,10
DA:153,0
DA:154,0
LF:46
LH:44
BRDA:8,0,0,1
BRDA:31,1,0,12
BRDA:44,2,0,2
BRDA:44,2,1,28
BRDA:44,3,0,30
BRDA:44,3,1,3
BRDA:44,3,2,3
BRDA:56,4,0,1
BRDA:56,4,1,18
BRDA:56,5,0,19
BRDA:56,5,1,2
BRDA:56,5,2,2
BRDA:70,6,0,5
BRDA:76,7,0,1
BRDA:76,7,1,14
BRDA:77,8,0,1
BRDA:77,8,1,13
BRDA:77,9,0,14
BRDA:77,9,1,3
BRDA:94,10,0,1
BRDA:94,10,1,27
BRDA:109,11,0,8
BRDA:109,11,1,20
BRDA:109,12,0,28
BRDA:109,12,1,9
BRDA:113,13,0,0
BRDA:113,13,1,8
BRDA:132,14,0,1
BRDA:132,14,1,17
BRF:29
BRH:28
end_of_record
TN:
SF:src/rendering/SVGRenderer.js
FN:6,(anonymous_0)
FN:38,(anonymous_1)
FN:46,(anonymous_2)
FN:98,(anonymous_3)
FN:120,(anonymous_4)
FN:129,(anonymous_5)
FN:137,(anonymous_6)
FN:151,(anonymous_7)
FN:154,(anonymous_8)
FN:188,(anonymous_9)
FN:193,(anonymous_10)
FN:220,(anonymous_11)
FN:272,(anonymous_12)
FN:295,(anonymous_13)
FN:308,(anonymous_14)
FN:323,(anonymous_15)
FN:324,(anonymous_16)
FN:390,(anonymous_17)
FN:410,(anonymous_18)
FN:411,(anonymous_19)
FN:426,(anonymous_20)
FN:435,(anonymous_21)
FN:442,(anonymous_22)
FN:452,(anonymous_23)
FN:472,(anonymous_24)
FN:479,(anonymous_25)
FN:486,(anonymous_26)
FN:493,(anonymous_27)
FNF:28
FNH:0
FNDA:0,(anonymous_0)
FNDA:0,(anonymous_1)
FNDA:0,(anonymous_2)
FNDA:0,(anonymous_3)
FNDA:0,(anonymous_4)
FNDA:0,(anonymous_5)
FNDA:0,(anonymous_6)
FNDA:0,(anonymous_7)
FNDA:0,(anonymous_8)
FNDA:0,(anonymous_9)
FNDA:0,(anonymous_10)
FNDA:0,(anonymous_11)
FNDA:0,(anonymous_12)
FNDA:0,(anonymous_13)
FNDA:0,(anonymous_14)
FNDA:0,(anonymous_15)
FNDA:0,(anonymous_16)
FNDA:0,(anonymous_17)
FNDA:0,(anonymous_18)
FNDA:0,(anonymous_19)
FNDA:0,(anonymous_20)
FNDA:0,(anonymous_21)
FNDA:0,(anonymous_22)
FNDA:0,(anonymous_23)
FNDA:0,(anonymous_24)
FNDA:0,(anonymous_25)
FNDA:0,(anonymous_26)
FNDA:0,(anonymous_27)
DA:7,0
DA:8,0
DA:9,0
DA:12,0
DA:13,0
DA:14,0
DA:15,0
DA:16,0
DA:17,0
DA:20,0
DA:21,0
DA:24,0
DA:31,0
DA:32,0
DA:39,0
DA:40,0
DA:48,0
DA:49,0
DA:50,0
DA:53,0
DA:54,0
DA:55,0
DA:58,0
DA:59,0
DA:60,0
DA:62,0
DA:63,0
DA:64,0
DA:65,0
DA:66,0
DA:69,0
DA:70,0
DA:73,0
DA:74,0
DA:76,0
DA:77,0
DA:79,0
DA:80,0
DA:83,0
DA:84,0
DA:85,0
DA:87,0
DA:90,0
DA:92,0
DA:99,0
DA:100,0
DA:101,0
DA:102,0
DA:103,0
DA:104,0
DA:105,0
DA:106,0
DA:108,0
DA:109,0
DA:110,0
DA:112,0
DA:113,0
DA:114,0
DA:121,0
DA:122,0
DA:123,0
DA:130,0
DA:131,0
DA:139,0
DA:140,0
DA:143,0
DA:144,0
DA:145,0
DA:152,0
DA:154,0
DA:155,0
DA:156,0
DA:157,0
DA:160,0
DA:161,0
DA:163,0
DA:164,0
DA:165,0
DA:166,0
DA:169,0
DA:172,0
DA:173,0
DA:174,0
DA:176,0
DA:177,0
DA:178,0
DA:179,0
DA:181,0
DA:189,0
DA:191,0
DA:193,0
DA:194,0
DA:195,0
DA:197,0
DA:198,0
DA:201,0
DA:202,0
DA:204,0
DA:205,0
DA:207,0
DA:208,0
DA:222,0
DA:224,0
DA:226,0
DA:227,0
DA:228,0
DA:229,0
DA:230,0
DA:233,0
DA:234,0
DA:237,0
DA:238,0
DA:239,0
DA:240,0
DA:241,0
DA:242,0
DA:243,0
DA:244,0
DA:245,0
DA:247,0
DA:248,0
DA:249,0
DA:250,0
DA:251,0
DA:252,0
DA:253,0
DA:256,0
DA:257,0
DA:258,0
DA:259,0
DA:260,0
DA:261,0
DA:262,0
DA:263,0
DA:266,0
DA:267,0
DA:268,0
DA:272,0
DA:274,0
DA:275,0
DA:276,0
DA:279,0
DA:280,0
DA:281,0
DA:285,0
DA:286,0
DA:287,0
DA:289,0
DA:296,0
DA:297,0
DA:298,0
DA:299,0
DA:300,0
DA:302,0
DA:310,0
DA:314,0
DA:317,0
DA:324,0
DA:325,0
DA:326,0
DA:329,0
DA:332,0
DA:333,0
DA:334,0
DA:336,0
DA:337,0
DA:338,0
DA:339,0
DA:341,0
DA:342,0
DA:345,0
DA:346,0
DA:347,0
DA:349,0
DA:350,0
DA:352,0
DA:353,0
DA:355,0
DA:357,0
DA:359,0
DA:362,0
DA:363,0
DA:364,0
DA:365,0
DA:366,0
DA:367,0
DA:371,0
DA:372,0
DA:373,0
DA:374,0
DA:377,0
DA:378,0
DA:379,0
DA:380,0
DA:383,0
DA:391,0
DA:393,0
DA:394,0
DA:395,0
DA:397,0
DA:398,0
DA:399,0
DA:400,0
DA:403,0
DA:411,0
DA:412,0
DA:413,0
DA:414,0
DA:417,0
DA:418,0
DA:427,0
DA:428,0
DA:429,0
DA:436,0
DA:443,0
DA:444,0
DA:445,0
DA:454,0
DA:455,0
DA:457,0
DA:458,0
DA:460,0
DA:461,0
DA:465,0
DA:466,0
DA:473,0
DA:480,0
DA:487,0
DA:494,0
DA:495,0
DA:498,0
DA:499,0
DA:500,0
DA:501,0
DA:502,0
DA:503,0
DA:504,0
DA:505,0
DA:506,0
LF:239
LH:0
BRDA:6,0,0,0
BRDA:49,1,0,0
BRDA:49,1,1,0
BRDA:130,2,0,0
BRDA:130,2,1,0
BRDA:139,3,0,0
BRDA:139,3,1,0
BRDA:139,4,0,0
BRDA:139,4,1,0
BRDA:139,4,2,0
BRDA:152,5,0,0
BRDA:152,5,1,0
BRDA:152,6,0,0
BRDA:152,6,1,0
BRDA:160,7,0,0
BRDA:160,7,1,0
BRDA:163,8,0,0
BRDA:163,8,1,0
BRDA:165,9,0,0
BRDA:165,9,1,0
BRDA:177,10,0,0
BRDA:177,10,1,0
BRDA:189,11,0,0
BRDA:189,11,1,0
BRDA:201,12,0,0
BRDA:201,12,1,0
BRDA:224,13,0,0
BRDA:224,13,1,0
BRDA:224,13,2,0
BRDA:224,13,3,0
BRDA:308,14,0,0
BRDA:323,15,0,0
BRDA:326,16,0,0
BRDA:326,16,1,0
BRDA:329,17,0,0
BRDA:329,17,1,0
BRDA:329,17,2,0
BRDA:332,18,0,0
BRDA:332,18,1,0
BRDA:333,19,0,0
BRDA:333,19,1,0
BRDA:334,20,0,0
BRDA:334,20,1,0
BRDA:345,21,0,0
BRDA:345,21,1,0
BRDA:345,22,0,0
BRDA:345,22,1,0
BRDA:346,23,0,0
BRDA:346,23,1,0
BRDA:347,24,0,0
BRDA:347,24,1,0
BRDA:355,25,0,0
BRDA:355,25,1,0
BRDA:355,26,0,0
BRDA:355,26,1,0
BRDA:364,27,0,0
BRDA:364,27,1,0
BRDA:364,28,0,0
BRDA:364,28,1,0
BRDA:391,29,0,0
BRDA:391,29,1,0
BRDA:391,30,0,0
BRDA:391,30,1,0
BRDA:410,31,0,0
BRDA:413,32,0,0
BRDA:413,32,1,0
BRDA:417,33,0,0
BRDA:417,33,1,0
BRDA:418,34,0,0
BRDA:418,34,1,0
BRDA:443,35,0,0
BRDA:443,35,1,0
BRDA:454,36,0,0
BRDA:454,36,1,0
BRDA:457,37,0,0
BRDA:457,37,1,0
BRDA:460,38,0,0
BRDA:460,38,1,0
BRDA:494,39,0,0
BRDA:494,39,1,0
BRDA:494,40,0,0
BRDA:494,40,1,0
BRF:82
BRH:0
end_of_record
TN:
SF:src/ui/UIManager.js
FN:6,(anonymous_0)
FN:33,(anonymous_1)
FN:44,(anonymous_2)
FN:56,(anonymous_3)
FN:68,(anonymous_4)
FN:79,(anonymous_5)
FN:83,(anonymous_6)
FN:102,(anonymous_7)
FN:120,(anonymous_8)
FN:134,(anonymous_9)
FN:152,(anonymous_10)
FN:161,(anonymous_11)
FN:170,(anonymous_12)
FN:181,(anonymous_13)
FN:199,(anonymous_14)
FN:224,(anonymous_15)
FN:229,(anonymous_16)
FN:237,(anonymous_17)
FN:245,(anonymous_18)
FN:257,(anonymous_19)
FN:262,(anonymous_20)
FN:270,(anonymous_21)
FN:276,(anonymous_22)
FN:290,(anonymous_23)
FN:300,(anonymous_24)
FN:349,(anonymous_25)
FN:367,(anonymous_26)
FN:386,(anonymous_27)
FN:403,(anonymous_28)
FN:416,(anonymous_29)
FN:425,(anonymous_30)
FN:430,(anonymous_31)
FN:444,(anonymous_32)
FN:456,(anonymous_33)
FN:483,(anonymous_34)
FN:490,(anonymous_35)
FN:493,(anonymous_36)
FNF:37
FNH:0
FNDA:0,(anonymous_0)
FNDA:0,(anonymous_1)
FNDA:0,(anonymous_2)
FNDA:0,(anonymous_3)
FNDA:0,(anonymous_4)
FNDA:0,(anonymous_5)
FNDA:0,(anonymous_6)
FNDA:0,(anonymous_7)
FNDA:0,(anonymous_8)
FNDA:0,(anonymous_9)
FNDA:0,(anonymous_10)
FNDA:0,(anonymous_11)
FNDA:0,(anonymous_12)
FNDA:0,(anonymous_13)
FNDA:0,(anonymous_14)
FNDA:0,(anonymous_15)
FNDA:0,(anonymous_16)
FNDA:0,(anonymous_17)
FNDA:0,(anonymous_18)
FNDA:0,(anonymous_19)
FNDA:0,(anonymous_20)
FNDA:0,(anonymous_21)
FNDA:0,(anonymous_22)
FNDA:0,(anonymous_23)
FNDA:0,(anonymous_24)
FNDA:0,(anonymous_25)
FNDA:0,(anonymous_26)
FNDA:0,(anonymous_27)
FNDA:0,(anonymous_28)
FNDA:0,(anonymous_29)
FNDA:0,(anonymous_30)
FNDA:0,(anonymous_31)
FNDA:0,(anonymous_32)
FNDA:0,(anonymous_33)
FNDA:0,(anonymous_34)
FNDA:0,(anonymous_35)
FNDA:0,(anonymous_36)
DA:7,0
DA:8,0
DA:9,0
DA:12,0
DA:13,0
DA:14,0
DA:15,0
DA:16,0
DA:17,0
DA:20,0
DA:21,0
DA:22,0
DA:23,0
DA:24,0
DA:27,0
DA:34,0
DA:35,0
DA:36,0
DA:37,0
DA:38,0
DA:45,0
DA:46,0
DA:49,0
DA:57,0
DA:59,0
DA:60,0
DA:61,0
DA:62,0
DA:69,0
DA:71,0
DA:72,0
DA:73,0
DA:80,0
DA:81,0
DA:83,0
DA:84,0
DA:85,0
DA:86,0
DA:87,0
DA:96,0
DA:103,0
DA:114,0
DA:121,0
DA:123,0
DA:124,0
DA:125,0
DA:127,0
DA:128,0
DA:129,0
DA:131,0
DA:132,0
DA:133,0
DA:134,0
DA:136,0
DA:137,0
DA:139,0
DA:140,0
DA:141,0
DA:143,0
DA:146,0
DA:153,0
DA:155,0
DA:156,0
DA:158,0
DA:159,0
DA:161,0
DA:162,0
DA:163,0
DA:165,0
DA:166,0
DA:167,0
DA:169,0
DA:170,0
DA:172,0
DA:173,0
DA:174,0
DA:182,0
DA:184,0
DA:185,0
DA:187,0
DA:188,0
DA:189,0
DA:191,0
DA:192,0
DA:200,0
DA:202,0
DA:203,0
DA:206,0
DA:207,0
DA:210,0
DA:213,0
DA:215,0
DA:216,0
DA:217,0
DA:218,0
DA:226,0
DA:227,0
DA:228,0
DA:229,0
DA:230,0
DA:234,0
DA:235,0
DA:236,0
DA:237,0
DA:238,0
DA:242,0
DA:243,0
DA:244,0
DA:245,0
DA:246,0
DA:249,0
DA:250,0
DA:251,0
DA:259,0
DA:260,0
DA:261,0
DA:262,0
DA:263,0
DA:267,0
DA:268,0
DA:269,0
DA:270,0
DA:277,0
DA:279,0
DA:280,0
DA:282,0
DA:283,0
DA:284,0
DA:287,0
DA:290,0
DA:291,0
DA:294,0
DA:301,0
DA:349,0
DA:350,0
DA:351,0
DA:353,0
DA:354,0
DA:356,0
DA:357,0
DA:358,0
DA:359,0
DA:360,0
DA:361,0
DA:363,0
DA:364,0
DA:365,0
DA:367,0
DA:368,0
DA:369,0
DA:370,0
DA:371,0
DA:372,0
DA:376,0
DA:377,0
DA:378,0
DA:379,0
DA:387,0
DA:389,0
DA:391,0
DA:392,0
DA:394,0
DA:397,0
DA:404,0
DA:406,0
DA:407,0
DA:408,0
DA:409,0
DA:417,0
DA:418,0
DA:426,0
DA:428,0
DA:430,0
DA:431,0
DA:432,0
DA:433,0
DA:434,0
DA:435,0
DA:438,0
DA:439,0
DA:440,0
DA:441,0
DA:443,0
DA:444,0
DA:445,0
DA:446,0
DA:449,0
DA:457,0
DA:459,0
DA:461,0
DA:462,0
DA:464,0
DA:465,0
DA:468,0
DA:470,0
DA:472,0
DA:474,0
DA:476,0
DA:484,0
DA:492,0
DA:494,0
DA:495,0
DA:500,0
DA:501,0
DA:502,0
DA:503,0
DA:504,0
DA:505,0
DA:506,0
DA:507,0
DA:508,0
DA:509,0
DA:510,0
LF:213
LH:0
BRDA:6,0,0,0
BRDA:6,1,0,0
BRDA:57,2,0,0
BRDA:57,2,1,0
BRDA:61,3,0,0
BRDA:61,3,1,0
BRDA:69,4,0,0
BRDA:69,4,1,0
BRDA:85,5,0,0
BRDA:85,5,1,0
BRDA:85,6,0,0
BRDA:85,6,1,0
BRDA:89,7,0,0
BRDA:89,7,1,0
BRDA:114,8,0,0
BRDA:114,8,1,0
BRDA:120,9,0,0
BRDA:121,10,0,0
BRDA:121,10,1,0
BRDA:123,11,0,0
BRDA:123,11,1,0
BRDA:153,12,0,0
BRDA:153,12,1,0
BRDA:156,13,0,0
BRDA:156,13,1,0
BRDA:182,14,0,0
BRDA:182,14,1,0
BRDA:187,15,0,0
BRDA:187,15,1,0
BRDA:200,16,0,0
BRDA:200,16,1,0
BRDA:230,17,0,0
BRDA:230,17,1,0
BRDA:238,18,0,0
BRDA:238,18,1,0
BRDA:246,19,0,0
BRDA:246,19,1,0
BRDA:261,20,0,0
BRDA:261,20,1,0
BRDA:263,21,0,0
BRDA:263,21,1,0
BRDA:277,22,0,0
BRDA:277,22,1,0
BRDA:371,23,0,0
BRDA:371,23,1,0
BRDA:387,24,0,0
BRDA:387,24,1,0
BRDA:391,25,0,0
BRDA:391,25,1,0
BRDA:397,26,0,0
BRDA:397,26,1,0
BRDA:404,27,0,0
BRDA:404,27,1,0
BRDA:404,28,0,0
BRDA:404,28,1,0
BRDA:408,29,0,0
BRDA:408,29,1,0
BRDA:417,30,0,0
BRDA:417,30,1,0
BRDA:418,31,0,0
BRDA:418,31,1,0
BRDA:426,32,0,0
BRDA:426,32,1,0
BRDA:431,33,0,0
BRDA:431,33,1,0
BRDA:440,34,0,0
BRDA:440,34,1,0
BRDA:445,35,0,0
BRDA:445,35,1,0
BRDA:445,36,0,0
BRDA:445,36,1,0
BRDA:459,37,0,0
BRDA:459,37,1,0
BRDA:459,37,2,0
BRDA:459,37,3,0
BRDA:459,37,4,0
BRDA:459,37,5,0
BRDA:461,38,0,0
BRDA:461,38,1,0
BRDA:494,39,0,0
BRDA:494,39,1,0
BRDA:494,40,0,0
BRDA:494,40,1,0
BRF:83
BRH:0
end_of_record
