TN:
SF:src/GraphNetwork.ts
FN:130,(anonymous_0)
FN:163,(anonymous_1)
FN:177,(anonymous_2)
FN:190,(anonymous_3)
FN:216,(anonymous_4)
FN:217,(anonymous_5)
FN:218,(anonymous_6)
FN:219,(anonymous_7)
FN:220,(anonymous_8)
FN:221,(anonymous_9)
FN:233,(anonymous_10)
FN:235,(anonymous_11)
FN:236,(anonymous_12)
FN:237,(anonymous_13)
FN:245,(anonymous_14)
FN:246,(anonymous_15)
FN:248,(anonymous_16)
FN:249,(anonymous_17)
FN:250,(anonymous_18)
FN:251,(anonymous_19)
FN:272,(anonymous_20)
FN:335,(anonymous_21)
FN:352,(anonymous_22)
FN:376,(anonymous_23)
FN:413,(anonymous_24)
FN:435,(anonymous_25)
FN:452,(anonymous_26)
FN:468,(anonymous_27)
FN:489,(anonymous_28)
FN:507,(anonymous_29)
FN:515,(anonymous_30)
FN:541,(anonymous_31)
FN:578,(anonymous_32)
FN:602,(anonymous_33)
FN:613,(anonymous_34)
FN:618,(anonymous_35)
FN:630,(anonymous_36)
FN:652,(anonymous_37)
FN:682,(anonymous_38)
FN:712,(anonymous_39)
FN:751,(anonymous_40)
FN:760,(anonymous_41)
FN:776,(anonymous_42)
FN:786,(anonymous_43)
FN:801,(anonymous_44)
FN:816,(anonymous_45)
FN:837,(anonymous_46)
FN:861,(anonymous_47)
FN:871,(anonymous_48)
FN:882,(anonymous_49)
FN:899,(anonymous_50)
FN:930,(anonymous_51)
FN:936,(anonymous_52)
FN:965,(anonymous_53)
FN:1007,(anonymous_54)
FN:1011,(anonymous_55)
FN:1035,(anonymous_56)
FN:1036,(anonymous_57)
FN:1043,(anonymous_58)
FN:1044,(anonymous_59)
FN:1058,(anonymous_60)
FN:1068,(anonymous_61)
FN:1076,(anonymous_62)
FN:1093,(anonymous_63)
FN:1101,(anonymous_64)
FN:1138,(anonymous_65)
FN:1173,(anonymous_66)
FN:1177,(anonymous_67)
FN:1217,(anonymous_68)
FN:1236,(anonymous_69)
FN:1251,(anonymous_70)
FN:1268,(anonymous_71)
FN:1272,(anonymous_72)
FN:1289,(anonymous_73)
FN:1323,(anonymous_74)
FN:1358,(anonymous_75)
FNF:76
FNH:0
FNDA:0,(anonymous_0)
FNDA:0,(anonymous_1)
FNDA:0,(anonymous_2)
FNDA:0,(anonymous_3)
FNDA:0,(anonymous_4)
FNDA:0,(anonymous_5)
FNDA:0,(anonymous_6)
FNDA:0,(anonymous_7)
FNDA:0,(anonymous_8)
FNDA:0,(anonymous_9)
FNDA:0,(anonymous_10)
FNDA:0,(anonymous_11)
FNDA:0,(anonymous_12)
FNDA:0,(anonymous_13)
FNDA:0,(anonymous_14)
FNDA:0,(anonymous_15)
FNDA:0,(anonymous_16)
FNDA:0,(anonymous_17)
FNDA:0,(anonymous_18)
FNDA:0,(anonymous_19)
FNDA:0,(anonymous_20)
FNDA:0,(anonymous_21)
FNDA:0,(anonymous_22)
FNDA:0,(anonymous_23)
FNDA:0,(anonymous_24)
FNDA:0,(anonymous_25)
FNDA:0,(anonymous_26)
FNDA:0,(anonymous_27)
FNDA:0,(anonymous_28)
FNDA:0,(anonymous_29)
FNDA:0,(anonymous_30)
FNDA:0,(anonymous_31)
FNDA:0,(anonymous_32)
FNDA:0,(anonymous_33)
FNDA:0,(anonymous_34)
FNDA:0,(anonymous_35)
FNDA:0,(anonymous_36)
FNDA:0,(anonymous_37)
FNDA:0,(anonymous_38)
FNDA:0,(anonymous_39)
FNDA:0,(anonymous_40)
FNDA:0,(anonymous_41)
FNDA:0,(anonymous_42)
FNDA:0,(anonymous_43)
FNDA:0,(anonymous_44)
FNDA:0,(anonymous_45)
FNDA:0,(anonymous_46)
FNDA:0,(anonymous_47)
FNDA:0,(anonymous_48)
FNDA:0,(anonymous_49)
FNDA:0,(anonymous_50)
FNDA:0,(anonymous_51)
FNDA:0,(anonymous_52)
FNDA:0,(anonymous_53)
FNDA:0,(anonymous_54)
FNDA:0,(anonymous_55)
FNDA:0,(anonymous_56)
FNDA:0,(anonymous_57)
FNDA:0,(anonymous_58)
FNDA:0,(anonymous_59)
FNDA:0,(anonymous_60)
FNDA:0,(anonymous_61)
FNDA:0,(anonymous_62)
FNDA:0,(anonymous_63)
FNDA:0,(anonymous_64)
FNDA:0,(anonymous_65)
FNDA:0,(anonymous_66)
FNDA:0,(anonymous_67)
FNDA:0,(anonymous_68)
FNDA:0,(anonymous_69)
FNDA:0,(anonymous_70)
FNDA:0,(anonymous_71)
FNDA:0,(anonymous_72)
FNDA:0,(anonymous_73)
FNDA:0,(anonymous_74)
FNDA:0,(anonymous_75)
DA:91,0
DA:92,0
DA:93,0
DA:94,0
DA:97,0
DA:98,0
DA:99,0
DA:100,0
DA:101,0
DA:104,0
DA:105,0
DA:106,0
DA:107,0
DA:110,0
DA:111,0
DA:114,0
DA:115,0
DA:123,0
DA:131,0
DA:132,0
DA:133,0
DA:136,0
DA:141,0
DA:142,0
DA:146,0
DA:149,0
DA:152,0
DA:153,0
DA:156,0
DA:164,0
DA:166,0
DA:167,0
DA:170,0
DA:179,0
DA:182,0
DA:183,0
DA:192,0
DA:199,0
DA:200,0
DA:204,0
DA:208,0
DA:210,0
DA:211,0
DA:215,0
DA:216,0
DA:217,0
DA:218,0
DA:219,0
DA:220,0
DA:221,0
DA:224,0
DA:225,0
DA:227,0
DA:228,0
DA:232,0
DA:234,0
DA:235,0
DA:236,0
DA:239,0
DA:240,0
DA:242,0
DA:245,0
DA:247,0
DA:248,0
DA:249,0
DA:250,0
DA:251,0
DA:254,0
DA:258,0
DA:261,0
DA:263,0
DA:264,0
DA:273,0
DA:274,0
DA:277,0
DA:278,0
DA:287,0
DA:288,0
DA:290,0
DA:291,0
DA:295,0
DA:296,0
DA:297,0
DA:301,0
DA:302,0
DA:306,0
DA:309,0
DA:310,0
DA:319,0
DA:320,0
DA:323,0
DA:324,0
DA:336,0
DA:339,0
DA:340,0
DA:343,0
DA:344,0
DA:345,0
DA:347,0
DA:348,0
DA:352,0
DA:353,0
DA:354,0
DA:359,0
DA:361,0
DA:363,0
DA:368,0
DA:372,0
DA:373,0
DA:376,0
DA:377,0
DA:378,0
DA:383,0
DA:384,0
DA:386,0
DA:387,0
DA:392,0
DA:401,0
DA:402,0
DA:414,0
DA:416,0
DA:417,0
DA:421,0
DA:423,0
DA:424,0
DA:428,0
DA:436,0
DA:438,0
DA:439,0
DA:440,0
DA:442,0
DA:443,0
DA:446,0
DA:453,0
DA:454,0
DA:455,0
DA:456,0
DA:459,0
DA:460,0
DA:469,0
DA:471,0
DA:472,0
DA:475,0
DA:476,0
DA:477,0
DA:481,0
DA:482,0
DA:483,0
DA:487,0
DA:488,0
DA:489,0
DA:497,0
DA:498,0
DA:502,0
DA:504,0
DA:507,0
DA:516,0
DA:517,0
DA:519,0
DA:520,0
DA:523,0
DA:524,0
DA:528,0
DA:529,0
DA:530,0
DA:532,0
DA:534,0
DA:535,0
DA:538,0
DA:541,0
DA:542,0
DA:543,0
DA:544,0
DA:545,0
DA:550,0
DA:551,0
DA:552,0
DA:555,0
DA:559,0
DA:561,0
DA:562,0
DA:567,0
DA:579,0
DA:581,0
DA:582,0
DA:583,0
DA:585,0
DA:586,0
DA:588,0
DA:589,0
DA:592,0
DA:603,0
DA:614,0
DA:615,0
DA:616,0
DA:618,0
DA:619,0
DA:622,0
DA:623,0
DA:632,0
DA:635,0
DA:636,0
DA:638,0
DA:639,0
DA:642,0
DA:653,0
DA:654,0
DA:655,0
DA:658,0
DA:659,0
DA:660,0
DA:662,0
DA:663,0
DA:664,0
DA:666,0
DA:667,0
DA:669,0
DA:683,0
DA:684,0
DA:685,0
DA:688,0
DA:689,0
DA:690,0
DA:692,0
DA:693,0
DA:694,0
DA:696,0
DA:697,0
DA:699,0
DA:713,0
DA:715,0
DA:716,0
DA:718,0
DA:720,0
DA:721,0
DA:722,0
DA:724,0
DA:725,0
DA:726,0
DA:727,0
DA:729,0
DA:730,0
DA:732,0
DA:733,0
DA:735,0
DA:736,0
DA:739,0
DA:752,0
DA:753,0
DA:761,0
DA:762,0
DA:763,0
DA:765,0
DA:766,0
DA:769,0
DA:777,0
DA:778,0
DA:787,0
DA:788,0
DA:790,0
DA:791,0
DA:794,0
DA:802,0
DA:804,0
DA:805,0
DA:806,0
DA:807,0
DA:808,0
DA:817,0
DA:821,0
DA:822,0
DA:824,0
DA:826,0
DA:827,0
DA:830,0
DA:831,0
DA:836,0
DA:837,0
DA:838,0
DA:839,0
DA:840,0
DA:845,0
DA:848,0
DA:850,0
DA:851,0
DA:852,0
DA:855,0
DA:862,0
DA:863,0
DA:872,0
DA:874,0
DA:875,0
DA:883,0
DA:884,0
DA:885,0
DA:886,0
DA:887,0
DA:889,0
DA:890,0
DA:900,0
DA:901,0
DA:904,0
DA:905,0
DA:908,0
DA:909,0
DA:910,0
DA:912,0
DA:913,0
DA:914,0
DA:917,0
DA:918,0
DA:921,0
DA:922,0
DA:931,0
DA:932,0
DA:935,0
DA:936,0
DA:940,0
DA:943,0
DA:944,0
DA:947,0
DA:948,0
DA:949,0
DA:952,0
DA:953,0
DA:956,0
DA:957,0
DA:966,0
DA:967,0
DA:970,0
DA:971,0
DA:973,0
DA:974,0
DA:979,0
DA:987,0
DA:989,0
DA:990,0
DA:993,0
DA:994,0
DA:997,0
DA:998,0
DA:1008,0
DA:1010,0
DA:1011,0
DA:1014,0
DA:1016,0
DA:1017,0
DA:1020,0
DA:1021,0
DA:1024,0
DA:1025,0
DA:1028,0
DA:1036,0
DA:1044,0
DA:1059,0
DA:1060,0
DA:1069,0
DA:1077,0
DA:1094,0
DA:1102,0
DA:1105,0
DA:1112,0
DA:1115,0
DA:1116,0
DA:1117,0
DA:1118,0
DA:1122,0
DA:1123,0
DA:1126,0
DA:1127,0
DA:1130,0
DA:1139,0
DA:1141,0
DA:1143,0
DA:1148,0
DA:1149,0
DA:1157,0
DA:1159,0
DA:1160,0
DA:1161,0
DA:1164,0
DA:1168,0
DA:1169,0
DA:1171,0
DA:1173,0
DA:1174,0
DA:1177,0
DA:1178,0
DA:1181,0
DA:1182,0
DA:1183,0
DA:1186,0
DA:1190,0
DA:1191,0
DA:1193,0
DA:1195,0
DA:1196,0
DA:1197,0
DA:1200,0
DA:1205,0
DA:1209,0
DA:1218,0
DA:1219,0
DA:1221,0
DA:1222,0
DA:1223,0
DA:1224,0
DA:1225,0
DA:1226,0
DA:1228,0
DA:1237,0
DA:1238,0
DA:1240,0
DA:1243,0
DA:1252,0
DA:1253,0
DA:1254,0
DA:1255,0
DA:1256,0
DA:1260,0
DA:1270,0
DA:1271,0
DA:1272,0
DA:1273,0
DA:1274,0
DA:1276,0
DA:1282,0
DA:1302,0
DA:1324,0
DA:1325,0
DA:1328,0
DA:1331,0
DA:1332,0
DA:1333,0
DA:1334,0
DA:1337,0
DA:1338,0
DA:1339,0
DA:1343,0
DA:1346,0
DA:1348,0
DA:1359,0
LF:442
LH:0
BRDA:130,0,0,0
BRDA:133,1,0,0
BRDA:133,1,1,0
BRDA:141,2,0,0
BRDA:141,2,1,0
BRDA:152,3,0,0
BRDA:152,3,1,0
BRDA:166,4,0,0
BRDA:166,4,1,0
BRDA:199,5,0,0
BRDA:199,5,1,0
BRDA:210,6,0,0
BRDA:210,6,1,0
BRDA:227,7,0,0
BRDA:227,7,1,0
BRDA:234,8,0,0
BRDA:234,8,1,0
BRDA:239,9,0,0
BRDA:239,9,1,0
BRDA:263,10,0,0
BRDA:263,10,1,0
BRDA:273,11,0,0
BRDA:273,11,1,0
BRDA:277,12,0,0
BRDA:277,12,1,0
BRDA:290,13,0,0
BRDA:290,13,1,0
BRDA:295,14,0,0
BRDA:295,14,1,0
BRDA:295,15,0,0
BRDA:295,15,1,0
BRDA:301,16,0,0
BRDA:301,16,1,0
BRDA:309,17,0,0
BRDA:309,17,1,0
BRDA:319,18,0,0
BRDA:319,18,1,0
BRDA:339,19,0,0
BRDA:339,19,1,0
BRDA:339,20,0,0
BRDA:339,20,1,0
BRDA:344,21,0,0
BRDA:344,21,1,0
BRDA:345,22,0,0
BRDA:345,22,1,0
BRDA:347,23,0,0
BRDA:347,23,1,0
BRDA:353,24,0,0
BRDA:353,24,1,0
BRDA:361,25,0,0
BRDA:361,25,1,0
BRDA:361,26,0,0
BRDA:361,26,1,0
BRDA:372,27,0,0
BRDA:372,27,1,0
BRDA:377,28,0,0
BRDA:377,28,1,0
BRDA:386,29,0,0
BRDA:386,29,1,0
BRDA:386,30,0,0
BRDA:386,30,1,0
BRDA:395,31,0,0
BRDA:395,31,1,0
BRDA:396,32,0,0
BRDA:396,32,1,0
BRDA:397,33,0,0
BRDA:397,33,1,0
BRDA:401,34,0,0
BRDA:401,34,1,0
BRDA:416,35,0,0
BRDA:416,35,1,0
BRDA:421,36,0,0
BRDA:421,36,1,0
BRDA:423,37,0,0
BRDA:423,37,1,0
BRDA:436,38,0,0
BRDA:436,38,1,0
BRDA:442,39,0,0
BRDA:442,39,1,0
BRDA:454,40,0,0
BRDA:454,40,1,0
BRDA:459,41,0,0
BRDA:459,41,1,0
BRDA:469,42,0,0
BRDA:469,42,1,0
BRDA:476,43,0,0
BRDA:476,43,1,0
BRDA:481,44,0,0
BRDA:481,44,1,0
BRDA:487,45,0,0
BRDA:487,45,1,0
BRDA:515,46,0,0
BRDA:516,47,0,0
BRDA:516,47,1,0
BRDA:519,48,0,0
BRDA:519,48,1,0
BRDA:530,49,0,0
BRDA:530,49,1,0
BRDA:534,50,0,0
BRDA:534,50,1,0
BRDA:534,51,0,0
BRDA:534,51,1,0
BRDA:542,52,0,0
BRDA:542,52,1,0
BRDA:542,53,0,0
BRDA:542,53,1,0
BRDA:544,54,0,0
BRDA:544,54,1,0
BRDA:544,55,0,0
BRDA:544,55,1,0
BRDA:561,56,0,0
BRDA:561,56,1,0
BRDA:588,57,0,0
BRDA:588,57,1,0
BRDA:588,58,0,0
BRDA:588,58,1,0
BRDA:604,59,0,0
BRDA:604,59,1,0
BRDA:606,60,0,0
BRDA:606,60,1,0
BRDA:615,61,0,0
BRDA:615,61,1,0
BRDA:616,62,0,0
BRDA:616,62,1,0
BRDA:622,63,0,0
BRDA:622,63,1,0
BRDA:638,64,0,0
BRDA:638,64,1,0
BRDA:653,65,0,0
BRDA:653,65,1,0
BRDA:654,66,0,0
BRDA:654,66,1,0
BRDA:683,67,0,0
BRDA:683,67,1,0
BRDA:684,68,0,0
BRDA:684,68,1,0
BRDA:712,69,0,0
BRDA:713,70,0,0
BRDA:713,70,1,0
BRDA:713,71,0,0
BRDA:713,71,1,0
BRDA:718,72,0,0
BRDA:718,72,1,0
BRDA:718,73,0,0
BRDA:718,73,1,0
BRDA:735,74,0,0
BRDA:735,74,1,0
BRDA:752,75,0,0
BRDA:752,75,1,0
BRDA:765,76,0,0
BRDA:765,76,1,0
BRDA:777,77,0,0
BRDA:777,77,1,0
BRDA:790,78,0,0
BRDA:790,78,1,0
BRDA:802,79,0,0
BRDA:802,79,1,0
BRDA:816,80,0,0
BRDA:817,81,0,0
BRDA:817,81,1,0
BRDA:817,82,0,0
BRDA:817,82,1,0
BRDA:821,83,0,0
BRDA:821,83,1,0
BRDA:826,84,0,0
BRDA:826,84,1,0
BRDA:826,85,0,0
BRDA:826,85,1,0
BRDA:830,86,0,0
BRDA:830,86,1,0
BRDA:836,87,0,0
BRDA:836,87,1,0
BRDA:839,88,0,0
BRDA:839,88,1,0
BRDA:850,89,0,0
BRDA:850,89,1,0
BRDA:862,90,0,0
BRDA:862,90,1,0
BRDA:874,91,0,0
BRDA:874,91,1,0
BRDA:874,92,0,0
BRDA:874,92,1,0
BRDA:889,93,0,0
BRDA:889,93,1,0
BRDA:899,94,0,0
BRDA:900,95,0,0
BRDA:900,95,1,0
BRDA:904,96,0,0
BRDA:904,96,1,0
BRDA:909,97,0,0
BRDA:909,97,1,0
BRDA:909,98,0,0
BRDA:909,98,1,0
BRDA:912,99,0,0
BRDA:912,99,1,0
BRDA:917,100,0,0
BRDA:917,100,1,0
BRDA:930,101,0,0
BRDA:932,102,0,0
BRDA:932,102,1,0
BRDA:936,103,0,0
BRDA:936,103,1,0
BRDA:943,104,0,0
BRDA:943,104,1,0
BRDA:947,105,0,0
BRDA:947,105,1,0
BRDA:952,106,0,0
BRDA:952,106,1,0
BRDA:965,107,0,0
BRDA:966,108,0,0
BRDA:966,108,1,0
BRDA:973,109,0,0
BRDA:973,109,1,0
BRDA:973,110,0,0
BRDA:973,110,1,0
BRDA:982,111,0,0
BRDA:982,111,1,0
BRDA:983,112,0,0
BRDA:983,112,1,0
BRDA:984,113,0,0
BRDA:984,113,1,0
BRDA:989,114,0,0
BRDA:989,114,1,0
BRDA:993,115,0,0
BRDA:993,115,1,0
BRDA:1007,116,0,0
BRDA:1011,117,0,0
BRDA:1011,117,1,0
BRDA:1016,118,0,0
BRDA:1016,118,1,0
BRDA:1016,119,0,0
BRDA:1016,119,1,0
BRDA:1020,120,0,0
BRDA:1020,120,1,0
BRDA:1020,121,0,0
BRDA:1020,121,1,0
BRDA:1024,122,0,0
BRDA:1024,122,1,0
BRDA:1060,123,0,0
BRDA:1060,123,1,0
BRDA:1069,124,0,0
BRDA:1069,124,1,0
BRDA:1080,125,0,0
BRDA:1080,125,1,0
BRDA:1105,126,0,0
BRDA:1105,126,1,0
BRDA:1106,127,0,0
BRDA:1106,127,1,0
BRDA:1106,127,2,0
BRDA:1106,127,3,0
BRDA:1106,127,4,0
BRDA:1115,128,0,0
BRDA:1115,128,1,0
BRDA:1115,129,0,0
BRDA:1115,129,1,0
BRDA:1115,129,2,0
BRDA:1117,130,0,0
BRDA:1117,130,1,0
BRDA:1122,131,0,0
BRDA:1122,131,1,0
BRDA:1122,132,0,0
BRDA:1122,132,1,0
BRDA:1122,132,2,0
BRDA:1126,133,0,0
BRDA:1126,133,1,0
BRDA:1139,134,0,0
BRDA:1141,135,0,0
BRDA:1141,135,1,0
BRDA:1141,135,2,0
BRDA:1141,135,3,0
BRDA:1141,135,4,0
BRDA:1148,136,0,0
BRDA:1148,136,1,0
BRDA:1159,137,0,0
BRDA:1159,137,1,0
BRDA:1178,138,0,0
BRDA:1178,138,1,0
BRDA:1178,139,0,0
BRDA:1178,139,1,0
BRDA:1181,140,0,0
BRDA:1181,140,1,0
BRDA:1191,141,0,0
BRDA:1191,141,1,0
BRDA:1195,142,0,0
BRDA:1195,142,1,0
BRDA:1237,143,0,0
BRDA:1237,143,1,0
BRDA:1253,144,0,0
BRDA:1253,144,1,0
BRDA:1255,145,0,0
BRDA:1255,145,1,0
BRDA:1268,146,0,0
BRDA:1271,147,0,0
BRDA:1271,147,1,0
BRDA:1324,148,0,0
BRDA:1324,148,1,0
BRDA:1337,149,0,0
BRDA:1337,149,1,0
BRDA:1337,150,0,0
BRDA:1337,150,1,0
BRF:300
BRH:0
end_of_record
TN:
SF:src/Node.ts
FN:36,(anonymous_0)
FN:61,(anonymous_1)
FN:78,(anonymous_2)
FN:86,(anonymous_3)
FN:94,(anonymous_4)
FN:102,(anonymous_5)
FN:110,(anonymous_6)
FN:118,(anonymous_7)
FN:127,(anonymous_8)
FN:140,(anonymous_9)
FN:149,(anonymous_10)
FN:157,(anonymous_11)
FN:164,(anonymous_12)
FN:174,(anonymous_13)
FN:192,(anonymous_14)
FN:219,(anonymous_15)
FN:235,(anonymous_16)
FN:255,(anonymous_17)
FN:266,(anonymous_18)
FNF:19
FNH:0
FNDA:0,(anonymous_0)
FNDA:0,(anonymous_1)
FNDA:0,(anonymous_2)
FNDA:0,(anonymous_3)
FNDA:0,(anonymous_4)
FNDA:0,(anonymous_5)
FNDA:0,(anonymous_6)
FNDA:0,(anonymous_7)
FNDA:0,(anonymous_8)
FNDA:0,(anonymous_9)
FNDA:0,(anonymous_10)
FNDA:0,(anonymous_11)
FNDA:0,(anonymous_12)
FNDA:0,(anonymous_13)
FNDA:0,(anonymous_14)
FNDA:0,(anonymous_15)
FNDA:0,(anonymous_16)
FNDA:0,(anonymous_17)
FNDA:0,(anonymous_18)
DA:25,0
DA:28,0
DA:37,0
DA:42,0
DA:45,0
DA:46,0
DA:49,0
DA:52,0
DA:63,0
DA:66,0
DA:67,0
DA:79,0
DA:80,0
DA:87,0
DA:95,0
DA:103,0
DA:111,0
DA:119,0
DA:128,0
DA:141,0
DA:150,0
DA:158,0
DA:165,0
DA:175,0
DA:178,0
DA:181,0
DA:184,0
DA:193,0
DA:196,0
DA:197,0
DA:199,0
DA:202,0
DA:205,0
DA:209,0
DA:220,0
DA:223,0
DA:224,0
DA:225,0
DA:228,0
DA:242,0
DA:256,0
DA:277,0
DA:280,0
DA:281,0
DA:283,0
DA:284,0
DA:286,0
DA:287,0
DA:289,0
DA:290,0
DA:293,0
LF:51
LH:0
BRDA:38,0,0,0
BRDA:39,1,0,0
BRDA:49,2,0,0
BRDA:49,2,1,0
BRDA:66,3,0,0
BRDA:66,3,1,0
BRDA:119,4,0,0
BRDA:119,4,1,0
BRDA:129,5,0,0
BRDA:129,5,1,0
BRDA:129,5,2,0
BRDA:174,6,0,0
BRDA:174,7,0,0
BRDA:175,8,0,0
BRDA:175,8,1,0
BRDA:193,9,0,0
BRDA:193,9,1,0
BRDA:193,9,2,0
BRDA:193,9,3,0
BRDA:193,9,4,0
BRDA:196,10,0,0
BRDA:196,10,1,0
BRDA:196,11,0,0
BRDA:196,11,1,0
BRDA:223,12,0,0
BRDA:223,12,1,0
BRDA:223,13,0,0
BRDA:223,13,1,0
BRDA:280,14,0,0
BRDA:280,14,1,0
BRDA:283,15,0,0
BRDA:283,15,1,0
BRDA:286,16,0,0
BRDA:286,16,1,0
BRDA:289,17,0,0
BRDA:289,17,1,0
BRF:36
BRH:0
end_of_record
TN:
SF:src/Vector.ts
FN:10,(anonymous_0)
FN:20,(anonymous_1)
FN:29,(anonymous_2)
FN:38,(anonymous_3)
FN:48,(anonymous_4)
FN:59,(anonymous_5)
FN:68,(anonymous_6)
FN:82,(anonymous_7)
FN:92,(anonymous_8)
FN:100,(anonymous_9)
FN:108,(anonymous_10)
FN:118,(anonymous_11)
FN:126,(anonymous_12)
FN:135,(anonymous_13)
FN:144,(anonymous_14)
FN:152,(anonymous_15)
FN:162,(anonymous_16)
FN:170,(anonymous_17)
FN:178,(anonymous_18)
FN:186,(anonymous_19)
FNF:20
FNH:0
FNDA:0,(anonymous_0)
FNDA:0,(anonymous_1)
FNDA:0,(anonymous_2)
FNDA:0,(anonymous_3)
FNDA:0,(anonymous_4)
FNDA:0,(anonymous_5)
FNDA:0,(anonymous_6)
FNDA:0,(anonymous_7)
FNDA:0,(anonymous_8)
FNDA:0,(anonymous_9)
FNDA:0,(anonymous_10)
FNDA:0,(anonymous_11)
FNDA:0,(anonymous_12)
FNDA:0,(anonymous_13)
FNDA:0,(anonymous_14)
FNDA:0,(anonymous_15)
FNDA:0,(anonymous_16)
FNDA:0,(anonymous_17)
FNDA:0,(anonymous_18)
FNDA:0,(anonymous_19)
DA:11,0
DA:12,0
DA:21,0
DA:30,0
DA:39,0
DA:49,0
DA:50,0
DA:52,0
DA:60,0
DA:69,0
DA:70,0
DA:71,0
DA:73,0
DA:83,0
DA:84,0
DA:85,0
DA:93,0
DA:101,0
DA:109,0
DA:119,0
DA:127,0
DA:136,0
DA:145,0
DA:153,0
DA:163,0
DA:171,0
DA:179,0
DA:187,0
LF:28
LH:0
BRDA:11,0,0,0
BRDA:12,1,0,0
BRDA:49,2,0,0
BRDA:49,2,1,0
BRDA:70,3,0,0
BRDA:70,3,1,0
BRDA:162,4,0,0
BRDA:163,5,0,0
BRDA:163,5,1,0
BRF:9
BRH:0
end_of_record
TN:
SF:src/interaction/EventManager.ts
FN:152,(anonymous_0)
FN:195,(anonymous_1)
FN:209,(anonymous_2)
FN:216,(anonymous_3)
FN:217,(anonymous_4)
FN:218,(anonymous_5)
FN:219,(anonymous_6)
FN:220,(anonymous_7)
FN:223,(anonymous_8)
FN:224,(anonymous_9)
FN:225,(anonymous_10)
FN:226,(anonymous_11)
FN:229,(anonymous_12)
FN:235,(anonymous_13)
FN:240,(anonymous_14)
FN:245,(anonymous_15)
FN:249,(anonymous_16)
FN:254,(anonymous_17)
FN:263,(anonymous_18)
FN:282,(anonymous_19)
FN:298,(anonymous_20)
FN:312,(anonymous_21)
FN:326,(anonymous_22)
FN:337,(anonymous_23)
FN:367,(anonymous_24)
FN:394,(anonymous_25)
FN:414,(anonymous_26)
FN:451,(anonymous_27)
FN:502,(anonymous_28)
FN:518,(anonymous_29)
FN:542,(anonymous_30)
FN:573,(anonymous_31)
FN:600,(anonymous_32)
FN:651,(anonymous_33)
FN:690,(anonymous_34)
FN:707,(anonymous_35)
FN:718,(anonymous_36)
FN:728,(anonymous_37)
FN:736,(anonymous_38)
FN:744,(anonymous_39)
FN:753,(anonymous_40)
FN:765,(anonymous_41)
FN:779,(anonymous_42)
FN:788,(anonymous_43)
FN:790,(anonymous_44)
FN:804,(anonymous_45)
FN:812,(anonymous_46)
FN:820,(anonymous_47)
FN:828,(anonymous_48)
FN:836,(anonymous_49)
FN:843,(anonymous_50)
FN:869,(anonymous_51)
FN:905,(anonymous_52)
FN:932,(anonymous_53)
FN:948,(anonymous_54)
FN:962,(anonymous_55)
FN:970,(anonymous_56)
FN:1001,(anonymous_57)
FN:1003,(anonymous_58)
FN:1021,(anonymous_59)
FNF:60
FNH:0
FNDA:0,(anonymous_0)
FNDA:0,(anonymous_1)
FNDA:0,(anonymous_2)
FNDA:0,(anonymous_3)
FNDA:0,(anonymous_4)
FNDA:0,(anonymous_5)
FNDA:0,(anonymous_6)
FNDA:0,(anonymous_7)
FNDA:0,(anonymous_8)
FNDA:0,(anonymous_9)
FNDA:0,(anonymous_10)
FNDA:0,(anonymous_11)
FNDA:0,(anonymous_12)
FNDA:0,(anonymous_13)
FNDA:0,(anonymous_14)
FNDA:0,(anonymous_15)
FNDA:0,(anonymous_16)
FNDA:0,(anonymous_17)
FNDA:0,(anonymous_18)
FNDA:0,(anonymous_19)
FNDA:0,(anonymous_20)
FNDA:0,(anonymous_21)
FNDA:0,(anonymous_22)
FNDA:0,(anonymous_23)
FNDA:0,(anonymous_24)
FNDA:0,(anonymous_25)
FNDA:0,(anonymous_26)
FNDA:0,(anonymous_27)
FNDA:0,(anonymous_28)
FNDA:0,(anonymous_29)
FNDA:0,(anonymous_30)
FNDA:0,(anonymous_31)
FNDA:0,(anonymous_32)
FNDA:0,(anonymous_33)
FNDA:0,(anonymous_34)
FNDA:0,(anonymous_35)
FNDA:0,(anonymous_36)
FNDA:0,(anonymous_37)
FNDA:0,(anonymous_38)
FNDA:0,(anonymous_39)
FNDA:0,(anonymous_40)
FNDA:0,(anonymous_41)
FNDA:0,(anonymous_42)
FNDA:0,(anonymous_43)
FNDA:0,(anonymous_44)
FNDA:0,(anonymous_45)
FNDA:0,(anonymous_46)
FNDA:0,(anonymous_47)
FNDA:0,(anonymous_48)
FNDA:0,(anonymous_49)
FNDA:0,(anonymous_50)
FNDA:0,(anonymous_51)
FNDA:0,(anonymous_52)
FNDA:0,(anonymous_53)
FNDA:0,(anonymous_54)
FNDA:0,(anonymous_55)
FNDA:0,(anonymous_56)
FNDA:0,(anonymous_57)
FNDA:0,(anonymous_58)
FNDA:0,(anonymous_59)
DA:139,0
DA:144,0
DA:145,0
DA:146,0
DA:153,0
DA:159,0
DA:182,0
DA:200,0
DA:201,0
DA:202,0
DA:203,0
DA:210,0
DA:213,0
DA:216,0
DA:217,0
DA:218,0
DA:219,0
DA:220,0
DA:223,0
DA:224,0
DA:225,0
DA:226,0
DA:229,0
DA:236,0
DA:238,0
DA:240,0
DA:241,0
DA:242,0
DA:245,0
DA:246,0
DA:249,0
DA:250,0
DA:254,0
DA:255,0
DA:264,0
DA:266,0
DA:267,0
DA:268,0
DA:270,0
DA:272,0
DA:283,0
DA:284,0
DA:286,0
DA:288,0
DA:299,0
DA:302,0
DA:304,0
DA:305,0
DA:306,0
DA:313,0
DA:315,0
DA:317,0
DA:327,0
DA:328,0
DA:329,0
DA:330,0
DA:338,0
DA:340,0
DA:341,0
DA:342,0
DA:344,0
DA:345,0
DA:346,0
DA:348,0
DA:353,0
DA:368,0
DA:369,0
DA:371,0
DA:372,0
DA:374,0
DA:380,0
DA:381,0
DA:383,0
DA:395,0
DA:397,0
DA:398,0
DA:402,0
DA:403,0
DA:404,0
DA:405,0
DA:406,0
DA:408,0
DA:415,0
DA:417,0
DA:419,0
DA:420,0
DA:421,0
DA:424,0
DA:425,0
DA:428,0
DA:429,0
DA:430,0
DA:431,0
DA:433,0
DA:439,0
DA:452,0
DA:454,0
DA:455,0
DA:457,0
DA:459,0
DA:460,0
DA:461,0
DA:464,0
DA:465,0
DA:467,0
DA:468,0
DA:469,0
DA:471,0
DA:472,0
DA:476,0
DA:478,0
DA:479,0
DA:481,0
DA:483,0
DA:484,0
DA:486,0
DA:487,0
DA:489,0
DA:494,0
DA:495,0
DA:503,0
DA:504,0
DA:506,0
DA:507,0
DA:508,0
DA:510,0
DA:512,0
DA:519,0
DA:521,0
DA:523,0
DA:529,0
DA:530,0
DA:532,0
DA:533,0
DA:535,0
DA:543,0
DA:545,0
DA:547,0
DA:548,0
DA:550,0
DA:551,0
DA:552,0
DA:554,0
DA:559,0
DA:574,0
DA:575,0
DA:577,0
DA:578,0
DA:580,0
DA:586,0
DA:587,0
DA:589,0
DA:601,0
DA:603,0
DA:604,0
DA:606,0
DA:611,0
DA:612,0
DA:614,0
DA:615,0
DA:616,0
DA:619,0
DA:620,0
DA:621,0
DA:623,0
DA:624,0
DA:625,0
DA:626,0
DA:628,0
DA:634,0
DA:643,0
DA:644,0
DA:645,0
DA:652,0
DA:653,0
DA:656,0
DA:657,0
DA:660,0
DA:663,0
DA:664,0
DA:666,0
DA:667,0
DA:671,0
DA:672,0
DA:673,0
DA:674,0
DA:675,0
DA:676,0
DA:677,0
DA:679,0
DA:680,0
DA:682,0
DA:683,0
DA:691,0
DA:693,0
DA:694,0
DA:699,0
DA:700,0
DA:708,0
DA:709,0
DA:719,0
DA:720,0
DA:721,0
DA:729,0
DA:737,0
DA:745,0
DA:754,0
DA:755,0
DA:757,0
DA:766,0
DA:767,0
DA:768,0
DA:769,0
DA:770,0
DA:780,0
DA:789,0
DA:790,0
DA:791,0
DA:792,0
DA:794,0
DA:805,0
DA:813,0
DA:821,0
DA:829,0
DA:837,0
DA:844,0
DA:846,0
DA:847,0
DA:851,0
DA:852,0
DA:853,0
DA:854,0
DA:855,0
DA:856,0
DA:857,0
DA:859,0
DA:870,0
DA:872,0
DA:874,0
DA:875,0
DA:876,0
DA:877,0
DA:879,0
DA:880,0
DA:881,0
DA:884,0
DA:885,0
DA:891,0
DA:906,0
DA:907,0
DA:909,0
DA:910,0
DA:912,0
DA:918,0
DA:933,0
DA:935,0
DA:936,0
DA:937,0
DA:939,0
DA:949,0
DA:951,0
DA:952,0
DA:953,0
DA:955,0
DA:963,0
DA:983,0
DA:1003,0
DA:1006,0
DA:1009,0
DA:1012,0
DA:1013,0
DA:1014,0
DA:1022,0
LF:273
LH:0
BRDA:152,0,0,0
BRDA:198,1,0,0
BRDA:210,2,0,0
BRDA:210,2,1,0
BRDA:236,3,0,0
BRDA:236,3,1,0
BRDA:236,4,0,0
BRDA:236,4,1,0
BRDA:242,5,0,0
BRDA:242,5,1,0
BRDA:299,6,0,0
BRDA:299,6,1,0
BRDA:327,7,0,0
BRDA:327,7,1,0
BRDA:327,8,0,0
BRDA:327,8,1,0
BRDA:329,9,0,0
BRDA:329,9,1,0
BRDA:338,10,0,0
BRDA:338,10,1,0
BRDA:338,11,0,0
BRDA:338,11,1,0
BRDA:356,12,0,0
BRDA:356,12,1,0
BRDA:395,13,0,0
BRDA:395,13,1,0
BRDA:395,14,0,0
BRDA:395,14,1,0
BRDA:397,15,0,0
BRDA:397,15,1,0
BRDA:417,16,0,0
BRDA:417,16,1,0
BRDA:424,17,0,0
BRDA:424,17,1,0
BRDA:457,18,0,0
BRDA:457,18,1,0
BRDA:467,19,0,0
BRDA:467,19,1,0
BRDA:469,20,0,0
BRDA:469,20,1,0
BRDA:471,21,0,0
BRDA:471,21,1,0
BRDA:481,22,0,0
BRDA:481,22,1,0
BRDA:504,23,0,0
BRDA:504,23,1,0
BRDA:523,24,0,0
BRDA:523,24,1,0
BRDA:524,25,0,0
BRDA:524,25,1,0
BRDA:524,25,2,0
BRDA:530,26,0,0
BRDA:530,26,1,0
BRDA:530,27,0,0
BRDA:530,27,1,0
BRDA:533,28,0,0
BRDA:533,28,1,0
BRDA:533,29,0,0
BRDA:533,29,1,0
BRDA:543,30,0,0
BRDA:543,30,1,0
BRDA:543,31,0,0
BRDA:543,31,1,0
BRDA:562,32,0,0
BRDA:562,32,1,0
BRDA:601,33,0,0
BRDA:601,33,1,0
BRDA:614,34,0,0
BRDA:614,34,1,0
BRDA:656,35,0,0
BRDA:656,35,1,0
BRDA:656,36,0,0
BRDA:656,36,1,0
BRDA:663,37,0,0
BRDA:663,37,1,0
BRDA:664,38,0,0
BRDA:664,38,1,0
BRDA:664,39,0,0
BRDA:664,39,1,0
BRDA:666,40,0,0
BRDA:666,40,1,0
BRDA:680,41,0,0
BRDA:680,41,1,0
BRDA:691,42,0,0
BRDA:691,42,1,0
BRDA:754,43,0,0
BRDA:754,43,1,0
BRDA:766,44,0,0
BRDA:766,44,1,0
BRDA:769,45,0,0
BRDA:769,45,1,0
BRDA:788,46,0,0
BRDA:789,47,0,0
BRDA:789,47,1,0
BRDA:844,48,0,0
BRDA:844,48,1,0
BRDA:844,49,0,0
BRDA:844,49,1,0
BRDA:846,50,0,0
BRDA:846,50,1,0
BRDA:869,51,0,0
BRDA:870,52,0,0
BRDA:870,52,1,0
BRDA:874,53,0,0
BRDA:874,53,1,0
BRDA:874,54,0,0
BRDA:874,54,1,0
BRDA:895,55,0,0
BRDA:895,55,1,0
BRDA:895,56,0,0
BRDA:895,56,1,0
BRDA:905,57,0,0
BRDA:933,58,0,0
BRDA:933,58,1,0
BRDA:949,59,0,0
BRDA:949,59,1,0
BRDA:990,60,0,0
BRDA:990,60,1,0
BRF:118
BRH:0
end_of_record
TN:
SF:src/physics/PhysicsEngine.ts
FN:36,(anonymous_0)
FN:50,(anonymous_1)
FN:61,(anonymous_2)
FN:69,(anonymous_3)
FN:91,(anonymous_4)
FN:111,(anonymous_5)
FN:118,(anonymous_6)
FN:132,(anonymous_7)
FN:164,(anonymous_8)
FN:184,(anonymous_9)
FN:206,(anonymous_10)
FN:212,(anonymous_11)
FN:219,(anonymous_12)
FN:241,(anonymous_13)
FN:249,(anonymous_14)
FN:251,(anonymous_15)
FN:261,(anonymous_16)
FN:279,(anonymous_17)
FN:285,(anonymous_18)
FN:290,(anonymous_19)
FN:301,(anonymous_20)
FN:309,(anonymous_21)
FN:312,(anonymous_22)
FN:331,(anonymous_23)
FN:343,(anonymous_24)
FN:363,(anonymous_25)
FN:368,(anonymous_26)
FN:369,(anonymous_27)
FN:376,(anonymous_28)
FN:392,(anonymous_29)
FNF:30
FNH:0
FNDA:0,(anonymous_0)
FNDA:0,(anonymous_1)
FNDA:0,(anonymous_2)
FNDA:0,(anonymous_3)
FNDA:0,(anonymous_4)
FNDA:0,(anonymous_5)
FNDA:0,(anonymous_6)
FNDA:0,(anonymous_7)
FNDA:0,(anonymous_8)
FNDA:0,(anonymous_9)
FNDA:0,(anonymous_10)
FNDA:0,(anonymous_11)
FNDA:0,(anonymous_12)
FNDA:0,(anonymous_13)
FNDA:0,(anonymous_14)
FNDA:0,(anonymous_15)
FNDA:0,(anonymous_16)
FNDA:0,(anonymous_17)
FNDA:0,(anonymous_18)
FNDA:0,(anonymous_19)
FNDA:0,(anonymous_20)
FNDA:0,(anonymous_21)
FNDA:0,(anonymous_22)
FNDA:0,(anonymous_23)
FNDA:0,(anonymous_24)
FNDA:0,(anonymous_25)
FNDA:0,(anonymous_26)
FNDA:0,(anonymous_27)
FNDA:0,(anonymous_28)
FNDA:0,(anonymous_29)
DA:37,0
DA:51,0
DA:66,0
DA:69,0
DA:72,0
DA:73,0
DA:74,0
DA:75,0
DA:78,0
DA:82,0
DA:85,0
DA:86,0
DA:91,0
DA:92,0
DA:96,0
DA:99,0
DA:102,0
DA:116,0
DA:118,0
DA:120,0
DA:121,0
DA:124,0
DA:133,0
DA:134,0
DA:136,0
DA:138,0
DA:139,0
DA:143,0
DA:144,0
DA:145,0
DA:149,0
DA:150,0
DA:152,0
DA:156,0
DA:157,0
DA:165,0
DA:166,0
DA:169,0
DA:170,0
DA:172,0
DA:174,0
DA:176,0
DA:177,0
DA:189,0
DA:190,0
DA:192,0
DA:194,0
DA:198,0
DA:199,0
DA:210,0
DA:211,0
DA:212,0
DA:215,0
DA:216,0
DA:217,0
DA:219,0
DA:220,0
DA:221,0
DA:223,0
DA:224,0
DA:225,0
DA:228,0
DA:242,0
DA:250,0
DA:251,0
DA:266,0
DA:267,0
DA:269,0
DA:270,0
DA:283,0
DA:284,0
DA:285,0
DA:288,0
DA:290,0
DA:292,0
DA:306,0
DA:307,0
DA:308,0
DA:309,0
DA:312,0
DA:313,0
DA:315,0
DA:316,0
DA:318,0
DA:319,0
DA:320,0
DA:332,0
DA:349,0
DA:350,0
DA:352,0
DA:354,0
DA:367,0
DA:368,0
DA:369,0
DA:381,0
DA:393,0
LF:96
LH:0
BRDA:36,0,0,0
BRDA:64,1,0,0
BRDA:78,2,0,0
BRDA:78,2,1,0
BRDA:79,3,0,0
BRDA:79,3,1,0
BRDA:79,3,2,0
BRDA:92,4,0,0
BRDA:92,4,1,0
BRDA:93,5,0,0
BRDA:93,5,1,0
BRDA:93,5,2,0
BRDA:113,6,0,0
BRDA:114,7,0,0
BRDA:120,8,0,0
BRDA:120,8,1,0
BRDA:121,9,0,0
BRDA:121,9,1,0
BRDA:121,10,0,0
BRDA:121,10,1,0
BRDA:136,11,0,0
BRDA:136,11,1,0
BRDA:165,12,0,0
BRDA:165,12,1,0
BRDA:165,13,0,0
BRDA:165,13,1,0
BRDA:172,14,0,0
BRDA:172,14,1,0
BRDA:187,15,0,0
BRDA:192,16,0,0
BRDA:192,16,1,0
BRDA:211,17,0,0
BRDA:211,17,1,0
BRDA:231,18,0,0
BRDA:231,18,1,0
BRDA:267,19,0,0
BRDA:267,19,1,0
BRDA:281,20,0,0
BRDA:284,21,0,0
BRDA:284,21,1,0
BRDA:288,22,0,0
BRDA:288,22,1,0
BRDA:303,23,0,0
BRDA:304,24,0,0
BRDA:308,25,0,0
BRDA:308,25,1,0
BRDA:313,26,0,0
BRDA:313,26,1,0
BRDA:318,27,0,0
BRDA:318,27,1,0
BRDA:331,28,0,0
BRDA:332,29,0,0
BRDA:332,29,1,0
BRDA:352,30,0,0
BRDA:352,30,1,0
BRDA:352,31,0,0
BRDA:352,31,1,0
BRF:57
BRH:0
end_of_record
TN:
SF:src/rendering/SVGRenderer.ts
FN:89,(anonymous_0)
FN:105,(anonymous_1)
FN:113,(anonymous_2)
FN:165,(anonymous_3)
FN:189,(anonymous_4)
FN:202,(anonymous_5)
FN:212,(anonymous_6)
FN:227,(anonymous_7)
FN:230,(anonymous_8)
FN:265,(anonymous_9)
FN:270,(anonymous_10)
FN:298,(anonymous_11)
FN:358,(anonymous_12)
FN:389,(anonymous_13)
FN:405,(anonymous_14)
FN:426,(anonymous_15)
FN:430,(anonymous_16)
FN:502,(anonymous_17)
FN:528,(anonymous_18)
FN:532,(anonymous_19)
FN:561,(anonymous_20)
FN:571,(anonymous_21)
FN:580,(anonymous_22)
FN:590,(anonymous_23)
FN:611,(anonymous_24)
FN:619,(anonymous_25)
FN:643,(anonymous_26)
FN:651,(anonymous_27)
FN:661,(anonymous_28)
FN:667,(anonymous_29)
FN:679,(anonymous_30)
FN:701,(anonymous_31)
FN:717,(anonymous_32)
FN:733,(anonymous_33)
FN:757,(anonymous_34)
FN:762,(anonymous_35)
FN:763,(anonymous_36)
FN:770,(anonymous_37)
FN:795,(anonymous_38)
FN:817,(anonymous_39)
FNF:40
FNH:0
FNDA:0,(anonymous_0)
FNDA:0,(anonymous_1)
FNDA:0,(anonymous_2)
FNDA:0,(anonymous_3)
FNDA:0,(anonymous_4)
FNDA:0,(anonymous_5)
FNDA:0,(anonymous_6)
FNDA:0,(anonymous_7)
FNDA:0,(anonymous_8)
FNDA:0,(anonymous_9)
FNDA:0,(anonymous_10)
FNDA:0,(anonymous_11)
FNDA:0,(anonymous_12)
FNDA:0,(anonymous_13)
FNDA:0,(anonymous_14)
FNDA:0,(anonymous_15)
FNDA:0,(anonymous_16)
FNDA:0,(anonymous_17)
FNDA:0,(anonymous_18)
FNDA:0,(anonymous_19)
FNDA:0,(anonymous_20)
FNDA:0,(anonymous_21)
FNDA:0,(anonymous_22)
FNDA:0,(anonymous_23)
FNDA:0,(anonymous_24)
FNDA:0,(anonymous_25)
FNDA:0,(anonymous_26)
FNDA:0,(anonymous_27)
FNDA:0,(anonymous_28)
FNDA:0,(anonymous_29)
FNDA:0,(anonymous_30)
FNDA:0,(anonymous_31)
FNDA:0,(anonymous_32)
FNDA:0,(anonymous_33)
FNDA:0,(anonymous_34)
FNDA:0,(anonymous_35)
FNDA:0,(anonymous_36)
FNDA:0,(anonymous_37)
FNDA:0,(anonymous_38)
FNDA:0,(anonymous_39)
DA:61,0
DA:62,0
DA:63,0
DA:64,0
DA:65,0
DA:66,0
DA:69,0
DA:70,0
DA:73,0
DA:80,0
DA:81,0
DA:90,0
DA:91,0
DA:92,0
DA:106,0
DA:107,0
DA:115,0
DA:116,0
DA:117,0
DA:120,0
DA:121,0
DA:122,0
DA:125,0
DA:126,0
DA:127,0
DA:129,0
DA:130,0
DA:131,0
DA:132,0
DA:133,0
DA:136,0
DA:137,0
DA:140,0
DA:141,0
DA:143,0
DA:144,0
DA:146,0
DA:147,0
DA:150,0
DA:151,0
DA:152,0
DA:154,0
DA:157,0
DA:159,0
DA:166,0
DA:168,0
DA:169,0
DA:170,0
DA:171,0
DA:172,0
DA:173,0
DA:174,0
DA:175,0
DA:177,0
DA:178,0
DA:179,0
DA:181,0
DA:182,0
DA:183,0
DA:190,0
DA:191,0
DA:192,0
DA:193,0
DA:203,0
DA:204,0
DA:214,0
DA:215,0
DA:218,0
DA:219,0
DA:220,0
DA:228,0
DA:230,0
DA:231,0
DA:232,0
DA:233,0
DA:236,0
DA:237,0
DA:239,0
DA:240,0
DA:241,0
DA:242,0
DA:245,0
DA:248,0
DA:249,0
DA:250,0
DA:252,0
DA:253,0
DA:254,0
DA:255,0
DA:257,0
DA:266,0
DA:268,0
DA:270,0
DA:271,0
DA:272,0
DA:274,0
DA:275,0
DA:278,0
DA:279,0
DA:281,0
DA:282,0
DA:284,0
DA:285,0
DA:302,0
DA:304,0
DA:306,0
DA:307,0
DA:308,0
DA:309,0
DA:310,0
DA:313,0
DA:314,0
DA:317,0
DA:318,0
DA:319,0
DA:320,0
DA:324,0
DA:325,0
DA:326,0
DA:327,0
DA:328,0
DA:330,0
DA:331,0
DA:332,0
DA:333,0
DA:334,0
DA:335,0
DA:336,0
DA:340,0
DA:341,0
DA:342,0
DA:343,0
DA:344,0
DA:345,0
DA:346,0
DA:347,0
DA:351,0
DA:352,0
DA:353,0
DA:358,0
DA:361,0
DA:362,0
DA:363,0
DA:368,0
DA:369,0
DA:370,0
DA:375,0
DA:376,0
DA:377,0
DA:378,0
DA:379,0
DA:382,0
DA:390,0
DA:391,0
DA:392,0
DA:393,0
DA:394,0
DA:396,0
DA:411,0
DA:412,0
DA:416,0
DA:419,0
DA:430,0
DA:431,0
DA:432,0
DA:436,0
DA:439,0
DA:440,0
DA:441,0
DA:443,0
DA:444,0
DA:445,0
DA:446,0
DA:448,0
DA:449,0
DA:452,0
DA:453,0
DA:454,0
DA:456,0
DA:457,0
DA:459,0
DA:460,0
DA:462,0
DA:466,0
DA:468,0
DA:471,0
DA:472,0
DA:473,0
DA:474,0
DA:475,0
DA:476,0
DA:480,0
DA:481,0
DA:482,0
DA:483,0
DA:486,0
DA:487,0
DA:488,0
DA:489,0
DA:490,0
DA:493,0
DA:506,0
DA:508,0
DA:509,0
DA:510,0
DA:512,0
DA:513,0
DA:514,0
DA:515,0
DA:518,0
DA:519,0
DA:532,0
DA:533,0
DA:534,0
DA:535,0
DA:541,0
DA:542,0
DA:545,0
DA:546,0
DA:547,0
DA:562,0
DA:563,0
DA:564,0
DA:572,0
DA:581,0
DA:582,0
DA:583,0
DA:592,0
DA:593,0
DA:595,0
DA:596,0
DA:598,0
DA:599,0
DA:603,0
DA:604,0
DA:612,0
DA:620,0
DA:627,0
DA:630,0
DA:644,0
DA:652,0
DA:665,0
DA:666,0
DA:667,0
DA:670,0
DA:671,0
DA:674,0
DA:675,0
DA:676,0
DA:677,0
DA:679,0
DA:680,0
DA:681,0
DA:682,0
DA:683,0
DA:684,0
DA:687,0
DA:702,0
DA:704,0
DA:705,0
DA:706,0
DA:708,0
DA:718,0
DA:720,0
DA:721,0
DA:722,0
DA:724,0
DA:737,0
DA:738,0
DA:740,0
DA:742,0
DA:761,0
DA:762,0
DA:763,0
DA:780,0
DA:796,0
DA:797,0
DA:800,0
DA:803,0
DA:804,0
DA:805,0
DA:806,0
DA:807,0
DA:808,0
DA:809,0
DA:810,0
DA:818,0
LF:287
LH:0
BRDA:89,0,0,0
BRDA:116,1,0,0
BRDA:116,1,1,0
BRDA:166,2,0,0
BRDA:166,2,1,0
BRDA:192,3,0,0
BRDA:192,3,1,0
BRDA:203,4,0,0
BRDA:203,4,1,0
BRDA:214,5,0,0
BRDA:214,5,1,0
BRDA:214,6,0,0
BRDA:214,6,1,0
BRDA:214,6,2,0
BRDA:228,7,0,0
BRDA:228,7,1,0
BRDA:228,8,0,0
BRDA:228,8,1,0
BRDA:236,9,0,0
BRDA:236,9,1,0
BRDA:239,10,0,0
BRDA:239,10,1,0
BRDA:241,11,0,0
BRDA:241,11,1,0
BRDA:253,12,0,0
BRDA:253,12,1,0
BRDA:266,13,0,0
BRDA:266,13,1,0
BRDA:278,14,0,0
BRDA:278,14,1,0
BRDA:304,15,0,0
BRDA:304,15,1,0
BRDA:304,15,2,0
BRDA:304,15,3,0
BRDA:377,16,0,0
BRDA:377,16,1,0
BRDA:408,17,0,0
BRDA:411,18,0,0
BRDA:411,18,1,0
BRDA:428,19,0,0
BRDA:432,20,0,0
BRDA:432,20,1,0
BRDA:436,21,0,0
BRDA:436,21,1,0
BRDA:436,21,2,0
BRDA:439,22,0,0
BRDA:439,22,1,0
BRDA:440,23,0,0
BRDA:440,23,1,0
BRDA:441,24,0,0
BRDA:441,24,1,0
BRDA:452,25,0,0
BRDA:452,25,1,0
BRDA:452,26,0,0
BRDA:452,26,1,0
BRDA:453,27,0,0
BRDA:453,27,1,0
BRDA:454,28,0,0
BRDA:454,28,1,0
BRDA:462,29,0,0
BRDA:462,29,1,0
BRDA:463,30,0,0
BRDA:463,30,1,0
BRDA:473,31,0,0
BRDA:473,31,1,0
BRDA:473,32,0,0
BRDA:473,32,1,0
BRDA:486,33,0,0
BRDA:486,33,1,0
BRDA:486,34,0,0
BRDA:486,34,1,0
BRDA:506,35,0,0
BRDA:506,35,1,0
BRDA:506,36,0,0
BRDA:506,36,1,0
BRDA:518,37,0,0
BRDA:518,37,1,0
BRDA:530,38,0,0
BRDA:534,39,0,0
BRDA:534,39,1,0
BRDA:541,40,0,0
BRDA:541,40,1,0
BRDA:542,41,0,0
BRDA:542,41,1,0
BRDA:545,42,0,0
BRDA:545,42,1,0
BRDA:546,43,0,0
BRDA:546,43,1,0
BRDA:547,44,0,0
BRDA:547,44,1,0
BRDA:581,45,0,0
BRDA:581,45,1,0
BRDA:592,46,0,0
BRDA:592,46,1,0
BRDA:595,47,0,0
BRDA:595,47,1,0
BRDA:598,48,0,0
BRDA:598,48,1,0
BRDA:620,49,0,0
BRDA:620,49,1,0
BRDA:621,50,0,0
BRDA:621,50,1,0
BRDA:621,50,2,0
BRDA:621,50,3,0
BRDA:621,50,4,0
BRDA:663,51,0,0
BRDA:666,52,0,0
BRDA:666,52,1,0
BRDA:670,53,0,0
BRDA:670,53,1,0
BRDA:702,54,0,0
BRDA:702,54,1,0
BRDA:718,55,0,0
BRDA:718,55,1,0
BRDA:740,56,0,0
BRDA:740,56,1,0
BRDA:740,57,0,0
BRDA:740,57,1,0
BRDA:796,58,0,0
BRDA:796,58,1,0
BRDA:796,59,0,0
BRDA:796,59,1,0
BRF:122
BRH:0
end_of_record
TN:
SF:src/types/index.ts
FN:290,isNodeData
FN:302,isLinkData
FN:314,isGraphData
FNF:3
FNH:0
FNDA:0,isNodeData
FNDA:0,isLinkData
FNDA:0,isGraphData
DA:291,0
DA:303,0
DA:315,0
DA:330,0
DA:353,0
DA:358,0
DA:363,0
LF:7
LH:0
BRDA:292,0,0,0
BRDA:292,0,1,0
BRDA:292,0,2,0
BRDA:292,0,3,0
BRDA:304,1,0,0
BRDA:304,1,1,0
BRDA:304,1,2,0
BRDA:304,1,3,0
BRDA:316,2,0,0
BRDA:316,2,1,0
BRDA:316,2,2,0
BRDA:316,2,3,0
BRDA:316,2,4,0
BRDA:316,2,5,0
BRF:14
BRH:0
end_of_record
TN:
SF:src/ui/UIManager.ts
FN:85,(anonymous_0)
FN:106,(anonymous_1)
FN:119,(anonymous_2)
FN:131,(anonymous_3)
FN:143,(anonymous_4)
FN:156,(anonymous_5)
FN:160,(anonymous_6)
FN:181,(anonymous_7)
FN:200,(anonymous_8)
FN:214,(anonymous_9)
FN:233,(anonymous_10)
FN:244,(anonymous_11)
FN:256,(anonymous_12)
FN:267,(anonymous_13)
FN:287,(anonymous_14)
FN:316,(anonymous_15)
FN:323,(anonymous_16)
FN:334,(anonymous_17)
FN:342,(anonymous_18)
FN:354,(anonymous_19)
FN:359,(anonymous_20)
FN:367,(anonymous_21)
FN:373,(anonymous_22)
FN:387,(anonymous_23)
FN:397,(anonymous_24)
FN:448,(anonymous_25)
FN:466,(anonymous_26)
FN:484,(anonymous_27)
FN:501,(anonymous_28)
FN:515,(anonymous_29)
FN:525,(anonymous_30)
FN:530,(anonymous_31)
FN:544,(anonymous_32)
FN:559,(anonymous_33)
FN:587,(anonymous_34)
FN:595,(anonymous_35)
FN:609,(anonymous_36)
FN:617,(anonymous_37)
FN:626,(anonymous_38)
FN:648,(anonymous_39)
FN:659,(anonymous_40)
FN:690,(anonymous_41)
FN:698,(anonymous_42)
FN:722,(anonymous_43)
FNF:44
FNH:0
FNDA:0,(anonymous_0)
FNDA:0,(anonymous_1)
FNDA:0,(anonymous_2)
FNDA:0,(anonymous_3)
FNDA:0,(anonymous_4)
FNDA:0,(anonymous_5)
FNDA:0,(anonymous_6)
FNDA:0,(anonymous_7)
FNDA:0,(anonymous_8)
FNDA:0,(anonymous_9)
FNDA:0,(anonymous_10)
FNDA:0,(anonymous_11)
FNDA:0,(anonymous_12)
FNDA:0,(anonymous_13)
FNDA:0,(anonymous_14)
FNDA:0,(anonymous_15)
FNDA:0,(anonymous_16)
FNDA:0,(anonymous_17)
FNDA:0,(anonymous_18)
FNDA:0,(anonymous_19)
FNDA:0,(anonymous_20)
FNDA:0,(anonymous_21)
FNDA:0,(anonymous_22)
FNDA:0,(anonymous_23)
FNDA:0,(anonymous_24)
FNDA:0,(anonymous_25)
FNDA:0,(anonymous_26)
FNDA:0,(anonymous_27)
FNDA:0,(anonymous_28)
FNDA:0,(anonymous_29)
FNDA:0,(anonymous_30)
FNDA:0,(anonymous_31)
FNDA:0,(anonymous_32)
FNDA:0,(anonymous_33)
FNDA:0,(anonymous_34)
FNDA:0,(anonymous_35)
FNDA:0,(anonymous_36)
FNDA:0,(anonymous_37)
FNDA:0,(anonymous_38)
FNDA:0,(anonymous_39)
FNDA:0,(anonymous_40)
FNDA:0,(anonymous_41)
FNDA:0,(anonymous_42)
FNDA:0,(anonymous_43)
DA:62,0
DA:63,0
DA:64,0
DA:65,0
DA:66,0
DA:67,0
DA:70,0
DA:71,0
DA:72,0
DA:73,0
DA:74,0
DA:77,0
DA:90,0
DA:91,0
DA:100,0
DA:107,0
DA:108,0
DA:109,0
DA:110,0
DA:111,0
DA:120,0
DA:121,0
DA:124,0
DA:132,0
DA:134,0
DA:135,0
DA:136,0
DA:137,0
DA:144,0
DA:146,0
DA:147,0
DA:148,0
DA:157,0
DA:158,0
DA:160,0
DA:161,0
DA:162,0
DA:163,0
DA:164,0
DA:173,0
DA:182,0
DA:193,0
DA:201,0
DA:203,0
DA:204,0
DA:205,0
DA:207,0
DA:208,0
DA:209,0
DA:211,0
DA:212,0
DA:213,0
DA:214,0
DA:216,0
DA:217,0
DA:219,0
DA:220,0
DA:221,0
DA:223,0
DA:226,0
DA:234,0
DA:236,0
DA:239,0
DA:241,0
DA:242,0
DA:244,0
DA:245,0
DA:246,0
DA:248,0
DA:249,0
DA:253,0
DA:255,0
DA:256,0
DA:258,0
DA:259,0
DA:260,0
DA:268,0
DA:270,0
DA:273,0
DA:275,0
DA:276,0
DA:277,0
DA:279,0
DA:280,0
DA:288,0
DA:290,0
DA:291,0
DA:294,0
DA:295,0
DA:298,0
DA:301,0
DA:303,0
DA:304,0
DA:305,0
DA:307,0
DA:308,0
DA:310,0
DA:317,0
DA:320,0
DA:321,0
DA:322,0
DA:323,0
DA:324,0
DA:328,0
DA:329,0
DA:333,0
DA:334,0
DA:335,0
DA:339,0
DA:340,0
DA:341,0
DA:342,0
DA:343,0
DA:346,0
DA:347,0
DA:348,0
DA:356,0
DA:357,0
DA:358,0
DA:359,0
DA:360,0
DA:364,0
DA:365,0
DA:366,0
DA:367,0
DA:374,0
DA:376,0
DA:377,0
DA:379,0
DA:380,0
DA:381,0
DA:384,0
DA:387,0
DA:388,0
DA:391,0
DA:398,0
DA:400,0
DA:448,0
DA:449,0
DA:450,0
DA:452,0
DA:453,0
DA:455,0
DA:456,0
DA:457,0
DA:458,0
DA:459,0
DA:460,0
DA:462,0
DA:463,0
DA:464,0
DA:466,0
DA:467,0
DA:468,0
DA:469,0
DA:470,0
DA:471,0
DA:474,0
DA:475,0
DA:476,0
DA:477,0
DA:485,0
DA:487,0
DA:489,0
DA:490,0
DA:492,0
DA:495,0
DA:502,0
DA:504,0
DA:505,0
DA:506,0
DA:507,0
DA:516,0
DA:517,0
DA:526,0
DA:528,0
DA:530,0
DA:531,0
DA:532,0
DA:533,0
DA:534,0
DA:535,0
DA:538,0
DA:539,0
DA:540,0
DA:541,0
DA:543,0
DA:544,0
DA:545,0
DA:546,0
DA:549,0
DA:560,0
DA:562,0
DA:564,0
DA:565,0
DA:567,0
DA:568,0
DA:571,0
DA:573,0
DA:575,0
DA:577,0
DA:579,0
DA:588,0
DA:596,0
DA:610,0
DA:618,0
DA:627,0
DA:629,0
DA:630,0
DA:631,0
DA:633,0
DA:634,0
DA:636,0
DA:637,0
DA:639,0
DA:640,0
DA:649,0
DA:650,0
DA:652,0
DA:672,0
DA:692,0
DA:699,0
DA:700,0
DA:705,0
DA:706,0
DA:707,0
DA:708,0
DA:709,0
DA:710,0
DA:711,0
DA:712,0
DA:713,0
DA:714,0
DA:715,0
DA:723,0
LF:235
LH:0
BRDA:87,0,0,0
BRDA:88,1,0,0
BRDA:132,2,0,0
BRDA:132,2,1,0
BRDA:144,3,0,0
BRDA:144,3,1,0
BRDA:162,4,0,0
BRDA:162,4,1,0
BRDA:162,5,0,0
BRDA:162,5,1,0
BRDA:193,6,0,0
BRDA:193,6,1,0
BRDA:200,7,0,0
BRDA:201,8,0,0
BRDA:201,8,1,0
BRDA:203,9,0,0
BRDA:203,9,1,0
BRDA:234,10,0,0
BRDA:234,10,1,0
BRDA:239,11,0,0
BRDA:239,11,1,0
BRDA:268,12,0,0
BRDA:268,12,1,0
BRDA:275,13,0,0
BRDA:275,13,1,0
BRDA:277,14,0,0
BRDA:277,14,1,0
BRDA:280,15,0,0
BRDA:280,15,1,0
BRDA:288,16,0,0
BRDA:288,16,1,0
BRDA:304,17,0,0
BRDA:304,17,1,0
BRDA:307,18,0,0
BRDA:307,18,1,0
BRDA:317,19,0,0
BRDA:317,19,1,0
BRDA:358,20,0,0
BRDA:358,20,1,0
BRDA:374,21,0,0
BRDA:374,21,1,0
BRDA:398,22,0,0
BRDA:398,22,1,0
BRDA:485,23,0,0
BRDA:485,23,1,0
BRDA:485,24,0,0
BRDA:485,24,1,0
BRDA:489,25,0,0
BRDA:489,25,1,0
BRDA:495,26,0,0
BRDA:495,26,1,0
BRDA:502,27,0,0
BRDA:502,27,1,0
BRDA:502,28,0,0
BRDA:502,28,1,0
BRDA:506,29,0,0
BRDA:506,29,1,0
BRDA:516,30,0,0
BRDA:516,30,1,0
BRDA:517,31,0,0
BRDA:517,31,1,0
BRDA:526,32,0,0
BRDA:526,32,1,0
BRDA:531,33,0,0
BRDA:531,33,1,0
BRDA:540,34,0,0
BRDA:540,34,1,0
BRDA:545,35,0,0
BRDA:545,35,1,0
BRDA:562,36,0,0
BRDA:562,36,1,0
BRDA:562,36,2,0
BRDA:562,36,3,0
BRDA:562,36,4,0
BRDA:562,36,5,0
BRDA:564,37,0,0
BRDA:564,37,1,0
BRDA:598,38,0,0
BRDA:598,38,1,0
BRDA:599,39,0,0
BRDA:599,39,1,0
BRDA:600,40,0,0
BRDA:600,40,1,0
BRDA:601,41,0,0
BRDA:601,41,1,0
BRDA:627,42,0,0
BRDA:627,42,1,0
BRDA:627,42,2,0
BRDA:627,42,3,0
BRDA:629,43,0,0
BRDA:629,43,1,0
BRDA:630,44,0,0
BRDA:630,44,1,0
BRDA:633,45,0,0
BRDA:633,45,1,0
BRDA:636,46,0,0
BRDA:636,46,1,0
BRDA:639,47,0,0
BRDA:639,47,1,0
BRDA:649,48,0,0
BRDA:649,48,1,0
BRDA:699,49,0,0
BRDA:699,49,1,0
BRDA:699,50,0,0
BRDA:699,50,1,0
BRDA:723,51,0,0
BRDA:723,51,1,0
BRF:107
BRH:0
end_of_record
